0 info it worked if it ends with ok
1 verbose cli [
1 verbose cli   '/usr/local/bin/node',
1 verbose cli   '/usr/local/bin/npm',
1 verbose cli   'install',
1 verbose cli   'react-icons',
1 verbose cli   '--save'
1 verbose cli ]
2 info using npm@6.14.5
3 info using node@v12.18.1
4 verbose npm-session 76222e4e6cd3d811
5 silly install loadCurrentTree
6 silly install readLocalPackageData
7 http fetch GET 304 https://registry.npmjs.org/react-icons 3323ms (from cache)
8 silly fetchPackageMetaData error for react-icons@latest sha512-FCXBg1JbbR0vWALXIxmFAfozHdVIJmmwCD81Jk0EKOt7Ax4AdBNcaRkWhR0NaKy9ugJgoY3fFvo0PHpte55pXg== integrity checksum failed when using sha512: wanted sha512-FCXBg1JbbR0vWALXIxmFAfozHdVIJmmwCD81Jk0EKOt7Ax4AdBNcaRkWhR0NaKy9ugJgoY3fFvo0PHpte55pXg== but got sha512-GMPgFNw0vHM03GwQtUY8jjRuQniFd2nB0rsXmgAF8Wv59P306ogM9o6z2bMNJ1hjDg/vqEV+Y0dEUmcgb86VVw==. (5634510 bytes)
9 timing stage:rollbackFailedOptional Completed in 35ms
10 timing stage:runTopLevelLifecycles Completed in 362649ms
11 verbose stack Error: sha512-FCXBg1JbbR0vWALXIxmFAfozHdVIJmmwCD81Jk0EKOt7Ax4AdBNcaRkWhR0NaKy9ugJgoY3fFvo0PHpte55pXg== integrity checksum failed when using sha512: wanted sha512-FCXBg1JbbR0vWALXIxmFAfozHdVIJmmwCD81Jk0EKOt7Ax4AdBNcaRkWhR0NaKy9ugJgoY3fFvo0PHpte55pXg== but got sha512-GMPgFNw0vHM03GwQtUY8jjRuQniFd2nB0rsXmgAF8Wv59P306ogM9o6z2bMNJ1hjDg/vqEV+Y0dEUmcgb86VVw==. (5634510 bytes)
11 verbose stack     at Transform.<anonymous> (/usr/local/lib/node_modules/npm/node_modules/ssri/index.js:328:19)
11 verbose stack     at Transform.emit (events.js:327:22)
11 verbose stack     at endReadableNT (_stream_readable.js:1221:12)
11 verbose stack     at processTicksAndRejections (internal/process/task_queues.js:84:21)
12 verbose cwd /Users/mac/Desktop/nevi/nevi
13 verbose Darwin 17.7.0
14 verbose argv "/usr/local/bin/node" "/usr/local/bin/npm" "install" "react-icons" "--save"
15 verbose node v12.18.1
16 verbose npm  v6.14.5
17 error code EINTEGRITY
18 error sha512-FCXBg1JbbR0vWALXIxmFAfozHdVIJmmwCD81Jk0EKOt7Ax4AdBNcaRkWhR0NaKy9ugJgoY3fFvo0PHpte55pXg== integrity checksum failed when using sha512: wanted sha512-FCXBg1JbbR0vWALXIxmFAfozHdVIJmmwCD81Jk0EKOt7Ax4AdBNcaRkWhR0NaKy9ugJgoY3fFvo0PHpte55pXg== but got sha512-GMPgFNw0vHM03GwQtUY8jjRuQniFd2nB0rsXmgAF8Wv59P306ogM9o6z2bMNJ1hjDg/vqEV+Y0dEUmcgb86VVw==. (5634510 bytes)
19 verbose exit [ 1, true ]
