0 info it worked if it ends with ok
1 verbose cli [
1 verbose cli   '/usr/local/bin/node',
1 verbose cli   '/usr/local/bin/npm',
1 verbose cli   'i',
1 verbose cli   '-g',
1 verbose cli   '@formspree/cli'
1 verbose cli ]
2 info using npm@6.14.5
3 info using node@v12.18.1
4 verbose npm-session e94277e72e58a09e
5 silly install loadCurrentTree
6 silly install readGlobalPackageData
7 http fetch GET 304 https://registry.npmjs.org/@formspree%2fcli 2785ms (from cache)
8 silly pacote tag manifest for @formspree/cli@latest fetched in 2988ms
9 timing stage:loadCurrentTree Completed in 3437ms
10 silly install loadIdealTree
11 silly install cloneCurrentTreeToIdealTree
12 timing stage:loadIdealTree:cloneCurrentTree Completed in 3ms
13 silly install loadShrinkwrap
14 timing stage:loadIdealTree:loadShrinkwrap Completed in 32ms
15 silly install loadAllDepsIntoIdealTree
16 silly resolveWithNewModule @formspree/cli@0.9.6 checking installable status
17 http fetch GET 304 https://registry.npmjs.org/@formspree%2fdeploy 1020ms (from cache)
18 silly pacote range manifest for @formspree/deploy@^0.3.3 fetched in 1150ms
19 silly resolveWithNewModule @formspree/deploy@0.3.3 checking installable status
20 http fetch GET 304 https://registry.npmjs.org/axios 2091ms (from cache)
21 http fetch GET 304 https://registry.npmjs.org/execa 2069ms (from cache)
22 silly pacote range manifest for axios@^0.21.1 fetched in 2387ms
23 silly resolveWithNewModule axios@0.21.1 checking installable status
24 silly pacote range manifest for execa@^2.1.0 fetched in 2335ms
25 silly resolveWithNewModule execa@2.1.0 checking installable status
26 http fetch GET 304 https://registry.npmjs.org/chalk 2771ms (from cache)
27 http fetch GET 304 https://registry.npmjs.org/pacote 2708ms (from cache)
28 http fetch GET 304 https://registry.npmjs.org/yargs 2856ms (from cache)
29 silly pacote range manifest for pacote@^11.1.14 fetched in 3037ms
30 silly resolveWithNewModule pacote@11.2.2 checking installable status
31 silly pacote range manifest for chalk@^2.4.2 fetched in 3170ms
32 silly resolveWithNewModule chalk@2.4.2 checking installable status
33 silly pacote range manifest for yargs@^15.4.1 fetched in 3104ms
34 silly resolveWithNewModule yargs@15.4.1 checking installable status
35 http fetch GET 304 https://registry.npmjs.org/common-tags 3306ms (from cache)
36 http fetch GET 304 https://registry.npmjs.org/ora 3237ms (from cache)
37 silly pacote range manifest for common-tags@^1.8.0 fetched in 3369ms
38 silly resolveWithNewModule common-tags@1.8.0 checking installable status
39 silly pacote range manifest for ora@^4.1.1 fetched in 3291ms
40 silly resolveWithNewModule ora@4.1.1 checking installable status
41 http fetch GET 304 https://registry.npmjs.org/dotenv 12655ms (from cache)
42 silly pacote range manifest for dotenv@^8.2.0 fetched in 12686ms
43 silly resolveWithNewModule dotenv@8.2.0 checking installable status
44 http fetch GET 304 https://registry.npmjs.org/follow-redirects 399ms (from cache)
45 silly pacote range manifest for follow-redirects@^1.10.0 fetched in 432ms
46 silly resolveWithNewModule follow-redirects@1.13.1 checking installable status
47 http fetch GET 304 https://registry.npmjs.org/escape-string-regexp 499ms (from cache)
48 silly pacote range manifest for escape-string-regexp@^1.0.5 fetched in 517ms
49 silly resolveWithNewModule escape-string-regexp@1.0.5 checking installable status
50 http fetch GET 304 https://registry.npmjs.org/ansi-styles 1102ms (from cache)
51 silly pacote range manifest for ansi-styles@^3.2.1 fetched in 1283ms
52 silly resolveWithNewModule ansi-styles@3.2.1 checking installable status
53 http fetch GET 304 https://registry.npmjs.org/supports-color 21336ms (from cache)
54 silly pacote range manifest for supports-color@^5.3.0 fetched in 21384ms
55 silly resolveWithNewModule supports-color@5.5.0 checking installable status
56 http fetch GET 304 https://registry.npmjs.org/color-convert 437ms (from cache)
57 silly pacote range manifest for color-convert@^1.9.0 fetched in 466ms
58 silly resolveWithNewModule color-convert@1.9.3 checking installable status
59 http fetch GET 304 https://registry.npmjs.org/color-name 365ms (from cache)
60 silly pacote version manifest for color-name@1.1.3 fetched in 401ms
61 silly resolveWithNewModule color-name@1.1.3 checking installable status
62 http fetch GET 304 https://registry.npmjs.org/has-flag 1005ms (from cache)
63 silly pacote range manifest for has-flag@^3.0.0 fetched in 1041ms
64 silly resolveWithNewModule has-flag@3.0.0 checking installable status
65 http fetch GET 304 https://registry.npmjs.org/is-stream 1671ms (from cache)
66 http fetch GET 304 https://registry.npmjs.org/npm-run-path 1669ms (from cache)
67 silly pacote range manifest for is-stream@^2.0.0 fetched in 1690ms
68 silly resolveWithNewModule is-stream@2.0.0 checking installable status
69 silly pacote range manifest for npm-run-path@^3.0.0 fetched in 1689ms
70 silly resolveWithNewModule npm-run-path@3.1.0 checking installable status
71 http fetch GET 304 https://registry.npmjs.org/onetime 2234ms (from cache)
72 silly pacote range manifest for onetime@^5.1.0 fetched in 2252ms
73 silly resolveWithNewModule onetime@5.1.2 checking installable status
74 http fetch GET 304 https://registry.npmjs.org/p-finally 2405ms (from cache)
75 silly pacote range manifest for p-finally@^2.0.0 fetched in 2426ms
76 silly resolveWithNewModule p-finally@2.0.1 checking installable status
77 http fetch GET 304 https://registry.npmjs.org/cross-spawn 2921ms (from cache)
78 silly pacote range manifest for cross-spawn@^7.0.0 fetched in 2990ms
79 silly resolveWithNewModule cross-spawn@7.0.3 checking installable status
80 http fetch GET 304 https://registry.npmjs.org/strip-final-newline 3024ms (from cache)
81 silly pacote range manifest for strip-final-newline@^2.0.0 fetched in 3076ms
82 silly resolveWithNewModule strip-final-newline@2.0.0 checking installable status
83 http fetch GET 304 https://registry.npmjs.org/merge-stream 3255ms (from cache)
84 silly pacote range manifest for merge-stream@^2.0.0 fetched in 3286ms
85 silly resolveWithNewModule merge-stream@2.0.0 checking installable status
86 http fetch GET 304 https://registry.npmjs.org/signal-exit 4044ms (from cache)
87 silly pacote range manifest for signal-exit@^3.0.2 fetched in 4071ms
88 silly resolveWithNewModule signal-exit@3.0.3 checking installable status
89 http fetch GET 304 https://registry.npmjs.org/get-stream 71989ms (from cache)
90 silly pacote range manifest for get-stream@^5.0.0 fetched in 72018ms
91 silly resolveWithNewModule get-stream@5.2.0 checking installable status
92 http fetch GET 304 https://registry.npmjs.org/shebang-command 536ms (from cache)
93 silly pacote range manifest for shebang-command@^2.0.0 fetched in 578ms
94 silly resolveWithNewModule shebang-command@2.0.0 checking installable status
95 http fetch GET 304 https://registry.npmjs.org/which 2907ms (from cache)
96 silly pacote range manifest for which@^2.0.1 fetched in 2940ms
97 silly resolveWithNewModule which@2.0.2 checking installable status
98 http fetch GET 304 https://registry.npmjs.org/path-key 15378ms (from cache)
99 silly pacote range manifest for path-key@^3.1.0 fetched in 15383ms
100 silly resolveWithNewModule path-key@3.1.1 checking installable status
101 http fetch GET 304 https://registry.npmjs.org/shebang-regex 418ms (from cache)
102 silly pacote range manifest for shebang-regex@^3.0.0 fetched in 436ms
103 silly resolveWithNewModule shebang-regex@3.0.0 checking installable status
104 http fetch GET 304 https://registry.npmjs.org/isexe 400ms (from cache)
105 silly pacote range manifest for isexe@^2.0.0 fetched in 430ms
106 silly resolveWithNewModule isexe@2.0.0 checking installable status
107 http fetch GET 304 https://registry.npmjs.org/pump 466ms (from cache)
108 silly pacote range manifest for pump@^3.0.0 fetched in 486ms
109 silly resolveWithNewModule pump@3.0.0 checking installable status
110 http fetch GET 304 https://registry.npmjs.org/once 421ms (from cache)
111 silly pacote range manifest for once@^1.3.1 fetched in 451ms
112 silly resolveWithNewModule once@1.4.0 checking installable status
113 http fetch GET 304 https://registry.npmjs.org/end-of-stream 501ms (from cache)
114 silly pacote range manifest for end-of-stream@^1.1.0 fetched in 532ms
115 silly resolveWithNewModule end-of-stream@1.4.4 checking installable status
116 http fetch GET 304 https://registry.npmjs.org/wrappy 1019ms (from cache)
117 silly pacote range manifest for wrappy@1 fetched in 1022ms
118 silly resolveWithNewModule wrappy@1.0.2 checking installable status
119 http fetch GET 304 https://registry.npmjs.org/mimic-fn 400ms (from cache)
120 silly pacote range manifest for mimic-fn@^2.1.0 fetched in 421ms
121 silly resolveWithNewModule mimic-fn@2.1.0 checking installable status
122 silly pacote range manifest for chalk@^3.0.0 fetched in 253ms
123 silly resolveWithNewModule chalk@3.0.0 checking installable status
124 http fetch GET 304 https://registry.npmjs.org/mute-stream 1388ms (from cache)
125 silly pacote version manifest for mute-stream@0.0.8 fetched in 1455ms
126 silly resolveWithNewModule mute-stream@0.0.8 checking installable status
127 http fetch GET 304 https://registry.npmjs.org/cli-cursor 1500ms (from cache)
128 http fetch GET 304 https://registry.npmjs.org/log-symbols 1491ms (from cache)
129 silly pacote range manifest for cli-cursor@^3.1.0 fetched in 1537ms
130 silly resolveWithNewModule cli-cursor@3.1.0 checking installable status
131 silly pacote range manifest for log-symbols@^3.0.0 fetched in 1533ms
132 silly resolveWithNewModule log-symbols@3.0.0 checking installable status
133 http fetch GET 304 https://registry.npmjs.org/is-interactive 2285ms (from cache)
134 silly pacote range manifest for is-interactive@^1.0.0 fetched in 2290ms
135 silly resolveWithNewModule is-interactive@1.0.0 checking installable status
136 http fetch GET 304 https://registry.npmjs.org/strip-ansi 2506ms (from cache)
137 silly pacote range manifest for strip-ansi@^6.0.0 fetched in 2521ms
138 silly resolveWithNewModule strip-ansi@6.0.0 checking installable status
139 http fetch GET 304 https://registry.npmjs.org/cli-spinners 3373ms (from cache)
140 silly pacote range manifest for cli-spinners@^2.2.0 fetched in 3390ms
141 silly resolveWithNewModule cli-spinners@2.5.0 checking installable status
142 http fetch GET 304 https://registry.npmjs.org/wcwidth 5627ms (from cache)
143 silly pacote range manifest for wcwidth@^1.0.1 fetched in 5660ms
144 silly resolveWithNewModule wcwidth@1.0.1 checking installable status
145 silly pacote range manifest for supports-color@^7.1.0 fetched in 33ms
146 silly resolveWithNewModule supports-color@7.2.0 checking installable status
147 silly pacote range manifest for ansi-styles@^4.1.0 fetched in 37ms
148 silly resolveWithNewModule ansi-styles@4.3.0 checking installable status
149 silly pacote range manifest for color-convert@^2.0.1 fetched in 17ms
150 silly resolveWithNewModule color-convert@2.0.1 checking installable status
151 silly pacote range manifest for color-name@~1.1.4 fetched in 54ms
152 silly resolveWithNewModule color-name@1.1.4 checking installable status
153 silly pacote range manifest for has-flag@^4.0.0 fetched in 31ms
154 silly resolveWithNewModule has-flag@4.0.0 checking installable status
155 http fetch GET 304 https://registry.npmjs.org/restore-cursor 2303ms (from cache)
156 silly pacote range manifest for restore-cursor@^3.1.0 fetched in 2321ms
157 silly resolveWithNewModule restore-cursor@3.1.0 checking installable status
158 http fetch GET 304 https://registry.npmjs.org/ansi-regex 2940ms (from cache)
159 silly pacote range manifest for ansi-regex@^5.0.0 fetched in 2958ms
160 silly resolveWithNewModule ansi-regex@5.0.0 checking installable status
161 http fetch GET 304 https://registry.npmjs.org/defaults 431ms (from cache)
162 silly pacote range manifest for defaults@^1.0.3 fetched in 465ms
163 silly resolveWithNewModule defaults@1.0.3 checking installable status
164 http fetch GET 304 https://registry.npmjs.org/clone 1267ms (from cache)
165 silly pacote range manifest for clone@^1.0.2 fetched in 1287ms
166 silly resolveWithNewModule clone@1.0.4 checking installable status
167 http fetch GET 304 https://registry.npmjs.org/chownr 1251ms (from cache)
168 silly pacote range manifest for chownr@^2.0.0 fetched in 1386ms
169 silly resolveWithNewModule chownr@2.0.0 checking installable status
170 http fetch GET 304 https://registry.npmjs.org/@npmcli%2fgit 1498ms (from cache)
171 http fetch GET 304 https://registry.npmjs.org/fs-minipass 1454ms (from cache)
172 http fetch GET 304 https://registry.npmjs.org/@npmcli%2frun-script 1557ms (from cache)
173 silly pacote range manifest for @npmcli/git@^2.0.1 fetched in 1719ms
174 silly resolveWithNewModule @npmcli/git@2.0.4 checking installable status
175 silly pacote range manifest for fs-minipass@^2.1.0 fetched in 1689ms
176 silly resolveWithNewModule fs-minipass@2.1.0 checking installable status
177 silly pacote range manifest for @npmcli/run-script@^1.3.0 fetched in 1842ms
178 silly resolveWithNewModule @npmcli/run-script@1.8.1 checking installable status
179 http fetch GET 304 https://registry.npmjs.org/@npmcli%2fpromise-spawn 2283ms (from cache)
180 silly pacote range manifest for @npmcli/promise-spawn@^1.2.0 fetched in 2589ms
181 silly resolveWithNewModule @npmcli/promise-spawn@1.3.2 checking installable status
182 http fetch GET 304 https://registry.npmjs.org/minipass 3008ms (from cache)
183 http fetch GET 304 https://registry.npmjs.org/infer-owner 3085ms (from cache)
184 silly pacote range manifest for minipass@^3.1.3 fetched in 3186ms
185 silly resolveWithNewModule minipass@3.1.3 checking installable status
186 silly pacote range manifest for infer-owner@^1.0.4 fetched in 3321ms
187 silly resolveWithNewModule infer-owner@1.0.4 checking installable status
188 http fetch GET 304 https://registry.npmjs.org/npm-package-arg 2153ms (from cache)
189 silly pacote range manifest for npm-package-arg@^8.0.1 fetched in 2787ms
190 silly resolveWithNewModule npm-package-arg@8.1.0 checking installable status
191 http fetch GET 304 https://registry.npmjs.org/mkdirp 4259ms (from cache)
192 silly pacote range manifest for mkdirp@^1.0.3 fetched in 4642ms
193 silly resolveWithNewModule mkdirp@1.0.4 checking installable status
194 http fetch GET 304 https://registry.npmjs.org/npm-pick-manifest 3123ms (from cache)
195 silly pacote range manifest for npm-pick-manifest@^6.0.0 fetched in 3535ms
196 silly resolveWithNewModule npm-pick-manifest@6.1.0 checking installable status
197 http fetch GET 304 https://registry.npmjs.org/@npmcli%2finstalled-package-contents 5294ms (from cache)
198 silly pacote range manifest for @npmcli/installed-package-contents@^1.0.5 fetched in 5375ms
199 silly resolveWithNewModule @npmcli/installed-package-contents@1.0.5 checking installable status
200 http fetch GET 304 https://registry.npmjs.org/promise-retry 2755ms (from cache)
201 silly pacote range manifest for promise-retry@^1.1.1 fetched in 2839ms
202 silly resolveWithNewModule promise-retry@1.1.1 checking installable status
203 http fetch GET 304 https://registry.npmjs.org/npm-packlist 3908ms (from cache)
204 http fetch GET 304 https://registry.npmjs.org/cacache 5711ms (from cache)
205 http fetch GET 304 https://registry.npmjs.org/npm-registry-fetch 3889ms (from cache)
206 silly pacote range manifest for npm-packlist@^2.1.4 fetched in 4255ms
207 silly resolveWithNewModule npm-packlist@2.1.4 checking installable status
208 silly pacote range manifest for npm-registry-fetch@^9.0.0 fetched in 4210ms
209 silly resolveWithNewModule npm-registry-fetch@9.0.0 checking installable status
210 silly pacote range manifest for cacache@^15.0.5 fetched in 6113ms
211 silly resolveWithNewModule cacache@15.0.5 checking installable status
212 http fetch GET 304 https://registry.npmjs.org/read-package-json-fast 2903ms (from cache)
213 http fetch GET 304 https://registry.npmjs.org/rimraf 2800ms (from cache)
214 http fetch GET 304 https://registry.npmjs.org/ssri 2020ms (from cache)
215 silly pacote range manifest for read-package-json-fast@^1.1.3 fetched in 3023ms
216 silly resolveWithNewModule read-package-json-fast@1.2.1 checking installable status
217 silly pacote range manifest for rimraf@^3.0.2 fetched in 2935ms
218 silly resolveWithNewModule rimraf@3.0.2 checking installable status
219 silly pacote range manifest for ssri@^8.0.0 fetched in 2120ms
220 silly resolveWithNewModule ssri@8.0.0 checking installable status
221 http fetch GET 304 https://registry.npmjs.org/tar 1852ms (from cache)
222 silly fetchPackageMetaData error for tar@^6.1.0 Unexpected end of JSON input while parsing near '... || 0.7 || 0.8"}},"0.'
223 timing stage:rollbackFailedOptional Completed in 31ms
224 timing stage:runTopLevelLifecycles Completed in 151451ms
225 verbose stack SyntaxError: Unexpected end of JSON input while parsing near '... || 0.7 || 0.8"}},"0.'
225 verbose stack     at JSON.parse (<anonymous>)
225 verbose stack     at parseJson (/usr/local/lib/node_modules/npm/node_modules/json-parse-better-errors/index.js:7:17)
225 verbose stack     at /usr/local/lib/node_modules/npm/node_modules/node-fetch-npm/src/body.js:96:50
225 verbose stack     at runMicrotasks (<anonymous>)
225 verbose stack     at processTicksAndRejections (internal/process/task_queues.js:97:5)
226 verbose cwd /Users/mac/Desktop/nevi/nevi
227 verbose Darwin 17.7.0
228 verbose argv "/usr/local/bin/node" "/usr/local/bin/npm" "i" "-g" "@formspree/cli"
229 verbose node v12.18.1
230 verbose npm  v6.14.5
231 error Unexpected end of JSON input while parsing near '... || 0.7 || 0.8"}},"0.'
232 verbose exit [ 1, true ]
