0 info it worked if it ends with ok
1 verbose cli [
1 verbose cli   '/usr/local/bin/node',
1 verbose cli   '/usr/local/bin/npm',
1 verbose cli   'i',
1 verbose cli   '-g',
1 verbose cli   '@formspree/cli'
1 verbose cli ]
2 info using npm@6.14.5
3 info using node@v12.18.1
4 verbose npm-session f4925aeebb74eb0d
5 silly install loadCurrentTree
6 silly install readGlobalPackageData
7 http fetch GET 200 https://registry.npmjs.org/@formspree%2fcli 196ms (from cache)
8 silly pacote tag manifest for @formspree/cli@latest fetched in 348ms
9 timing stage:loadCurrentTree Completed in 685ms
10 silly install loadIdealTree
11 silly install cloneCurrentTreeToIdealTree
12 timing stage:loadIdealTree:cloneCurrentTree Completed in 13ms
13 silly install loadShrinkwrap
14 timing stage:loadIdealTree:loadShrinkwrap Completed in 48ms
15 silly install loadAllDepsIntoIdealTree
16 silly resolveWithNewModule @formspree/cli@0.9.6 checking installable status
17 http fetch GET 304 https://registry.npmjs.org/execa 2335ms (from cache)
18 http fetch GET 304 https://registry.npmjs.org/dotenv 2385ms (from cache)
19 http fetch GET 304 https://registry.npmjs.org/yargs 2383ms (from cache)
20 silly pacote range manifest for execa@^2.1.0 fetched in 2490ms
21 silly resolveWithNewModule execa@2.1.0 checking installable status
22 silly pacote range manifest for dotenv@^8.2.0 fetched in 2573ms
23 silly resolveWithNewModule dotenv@8.2.0 checking installable status
24 http fetch GET 304 https://registry.npmjs.org/common-tags 2592ms (from cache)
25 silly pacote range manifest for yargs@^15.4.1 fetched in 2587ms
26 silly resolveWithNewModule yargs@15.4.1 checking installable status
27 silly pacote range manifest for common-tags@^1.8.0 fetched in 2689ms
28 silly resolveWithNewModule common-tags@1.8.0 checking installable status
29 http fetch GET 304 https://registry.npmjs.org/axios 2836ms (from cache)
30 http fetch GET 304 https://registry.npmjs.org/chalk 2854ms (from cache)
31 silly pacote range manifest for axios@^0.21.1 fetched in 2902ms
32 silly resolveWithNewModule axios@0.21.1 checking installable status
33 silly pacote range manifest for chalk@^2.4.2 fetched in 2907ms
34 silly resolveWithNewModule chalk@2.4.2 checking installable status
35 http fetch GET 304 https://registry.npmjs.org/@formspree%2fdeploy 2939ms (from cache)
36 silly pacote range manifest for @formspree/deploy@^0.3.3 fetched in 2973ms
37 silly resolveWithNewModule @formspree/deploy@0.3.3 checking installable status
38 http fetch GET 304 https://registry.npmjs.org/pacote 4078ms (from cache)
39 silly pacote range manifest for pacote@^11.1.14 fetched in 4158ms
40 silly resolveWithNewModule pacote@11.2.2 checking installable status
41 http fetch GET 304 https://registry.npmjs.org/ora 4993ms (from cache)
42 silly pacote range manifest for ora@^4.1.1 fetched in 5027ms
43 silly resolveWithNewModule ora@4.1.1 checking installable status
44 http fetch GET 304 https://registry.npmjs.org/follow-redirects 402ms (from cache)
45 silly pacote range manifest for follow-redirects@^1.10.0 fetched in 449ms
46 silly resolveWithNewModule follow-redirects@1.13.1 checking installable status
47 http fetch GET 304 https://registry.npmjs.org/escape-string-regexp 618ms (from cache)
48 http fetch GET 304 https://registry.npmjs.org/ansi-styles 718ms (from cache)
49 silly pacote range manifest for escape-string-regexp@^1.0.5 fetched in 720ms
50 silly resolveWithNewModule escape-string-regexp@1.0.5 checking installable status
51 silly pacote range manifest for ansi-styles@^3.2.1 fetched in 784ms
52 silly resolveWithNewModule ansi-styles@3.2.1 checking installable status
53 http fetch GET 304 https://registry.npmjs.org/supports-color 1638ms (from cache)
54 silly pacote range manifest for supports-color@^5.3.0 fetched in 1670ms
55 silly resolveWithNewModule supports-color@5.5.0 checking installable status
56 http fetch GET 304 https://registry.npmjs.org/color-convert 370ms (from cache)
57 silly pacote range manifest for color-convert@^1.9.0 fetched in 387ms
58 silly resolveWithNewModule color-convert@1.9.3 checking installable status
59 http fetch GET 304 https://registry.npmjs.org/color-name 1037ms (from cache)
60 silly pacote version manifest for color-name@1.1.3 fetched in 1119ms
61 silly resolveWithNewModule color-name@1.1.3 checking installable status
62 http fetch GET 304 https://registry.npmjs.org/has-flag 437ms (from cache)
63 silly pacote range manifest for has-flag@^3.0.0 fetched in 468ms
64 silly resolveWithNewModule has-flag@3.0.0 checking installable status
65 http fetch GET 304 https://registry.npmjs.org/get-stream 1315ms (from cache)
66 http fetch GET 304 https://registry.npmjs.org/is-stream 1320ms (from cache)
67 http fetch GET 304 https://registry.npmjs.org/merge-stream 1320ms (from cache)
68 http fetch GET 304 https://registry.npmjs.org/cross-spawn 1337ms (from cache)
69 http fetch GET 304 https://registry.npmjs.org/npm-run-path 1337ms (from cache)
70 http fetch GET 304 https://registry.npmjs.org/p-finally 1335ms (from cache)
71 http fetch GET 304 https://registry.npmjs.org/onetime 1349ms (from cache)
72 http fetch GET 304 https://registry.npmjs.org/signal-exit 1338ms (from cache)
73 http fetch GET 304 https://registry.npmjs.org/strip-final-newline 1370ms (from cache)
74 silly pacote range manifest for get-stream@^5.0.0 fetched in 1416ms
75 silly resolveWithNewModule get-stream@5.2.0 checking installable status
76 silly pacote range manifest for merge-stream@^2.0.0 fetched in 1406ms
77 silly resolveWithNewModule merge-stream@2.0.0 checking installable status
78 silly pacote range manifest for is-stream@^2.0.0 fetched in 1421ms
79 silly resolveWithNewModule is-stream@2.0.0 checking installable status
80 silly pacote range manifest for cross-spawn@^7.0.0 fetched in 1453ms
81 silly resolveWithNewModule cross-spawn@7.0.3 checking installable status
82 silly pacote range manifest for npm-run-path@^3.0.0 fetched in 1453ms
83 silly resolveWithNewModule npm-run-path@3.1.0 checking installable status
84 silly pacote range manifest for p-finally@^2.0.0 fetched in 1466ms
85 silly resolveWithNewModule p-finally@2.0.1 checking installable status
86 silly pacote range manifest for onetime@^5.1.0 fetched in 1488ms
87 silly resolveWithNewModule onetime@5.1.2 checking installable status
88 silly pacote range manifest for signal-exit@^3.0.2 fetched in 1489ms
89 silly resolveWithNewModule signal-exit@3.0.3 checking installable status
90 silly pacote range manifest for strip-final-newline@^2.0.0 fetched in 1506ms
91 silly resolveWithNewModule strip-final-newline@2.0.0 checking installable status
92 http fetch GET 304 https://registry.npmjs.org/which 820ms (from cache)
93 http fetch GET 304 https://registry.npmjs.org/path-key 886ms (from cache)
94 http fetch GET 304 https://registry.npmjs.org/shebang-command 868ms (from cache)
95 silly pacote range manifest for which@^2.0.1 fetched in 871ms
96 silly resolveWithNewModule which@2.0.2 checking installable status
97 silly pacote range manifest for path-key@^3.1.0 fetched in 936ms
98 silly resolveWithNewModule path-key@3.1.1 checking installable status
99 silly pacote range manifest for shebang-command@^2.0.0 fetched in 921ms
100 silly resolveWithNewModule shebang-command@2.0.0 checking installable status
101 http fetch GET 304 https://registry.npmjs.org/shebang-regex 420ms (from cache)
102 silly pacote range manifest for shebang-regex@^3.0.0 fetched in 434ms
103 silly resolveWithNewModule shebang-regex@3.0.0 checking installable status
104 http fetch GET 304 https://registry.npmjs.org/isexe 514ms (from cache)
105 silly pacote range manifest for isexe@^2.0.0 fetched in 520ms
106 silly resolveWithNewModule isexe@2.0.0 checking installable status
107 http fetch GET 304 https://registry.npmjs.org/pump 405ms (from cache)
108 silly pacote range manifest for pump@^3.0.0 fetched in 423ms
109 silly resolveWithNewModule pump@3.0.0 checking installable status
110 http fetch GET 200 https://registry.npmjs.org/once 72ms (from cache)
111 silly pacote range manifest for once@^1.3.1 fetched in 98ms
112 silly resolveWithNewModule once@1.4.0 checking installable status
113 http fetch GET 304 https://registry.npmjs.org/end-of-stream 533ms (from cache)
114 silly pacote range manifest for end-of-stream@^1.1.0 fetched in 550ms
115 silly resolveWithNewModule end-of-stream@1.4.4 checking installable status
116 http fetch GET 304 https://registry.npmjs.org/wrappy 680ms (from cache)
117 silly pacote range manifest for wrappy@1 fetched in 684ms
118 silly resolveWithNewModule wrappy@1.0.2 checking installable status
119 http fetch GET 304 https://registry.npmjs.org/mimic-fn 417ms (from cache)
120 silly pacote range manifest for mimic-fn@^2.1.0 fetched in 450ms
121 silly resolveWithNewModule mimic-fn@2.1.0 checking installable status
122 silly pacote range manifest for chalk@^3.0.0 fetched in 149ms
123 silly resolveWithNewModule chalk@3.0.0 checking installable status
124 http fetch GET 304 https://registry.npmjs.org/cli-cursor 752ms (from cache)
125 silly pacote range manifest for cli-cursor@^3.1.0 fetched in 835ms
126 silly resolveWithNewModule cli-cursor@3.1.0 checking installable status
127 http fetch GET 304 https://registry.npmjs.org/is-interactive 889ms (from cache)
128 http fetch GET 304 https://registry.npmjs.org/cli-spinners 918ms (from cache)
129 http fetch GET 304 https://registry.npmjs.org/strip-ansi 902ms (from cache)
130 http fetch GET 304 https://registry.npmjs.org/mute-stream 917ms (from cache)
131 http fetch GET 304 https://registry.npmjs.org/log-symbols 935ms (from cache)
132 silly pacote range manifest for is-interactive@^1.0.0 fetched in 951ms
133 silly resolveWithNewModule is-interactive@1.0.0 checking installable status
134 silly pacote range manifest for cli-spinners@^2.2.0 fetched in 1001ms
135 silly resolveWithNewModule cli-spinners@2.5.0 checking installable status
136 silly pacote range manifest for strip-ansi@^6.0.0 fetched in 1054ms
137 silly resolveWithNewModule strip-ansi@6.0.0 checking installable status
138 silly pacote version manifest for mute-stream@0.0.8 fetched in 1118ms
139 silly resolveWithNewModule mute-stream@0.0.8 checking installable status
140 silly pacote range manifest for log-symbols@^3.0.0 fetched in 1134ms
141 silly resolveWithNewModule log-symbols@3.0.0 checking installable status
142 http fetch GET 304 https://registry.npmjs.org/wcwidth 1232ms (from cache)
143 silly pacote range manifest for wcwidth@^1.0.1 fetched in 1268ms
144 silly resolveWithNewModule wcwidth@1.0.1 checking installable status
145 silly pacote range manifest for ansi-styles@^4.1.0 fetched in 48ms
146 silly resolveWithNewModule ansi-styles@4.3.0 checking installable status
147 silly pacote range manifest for supports-color@^7.1.0 fetched in 61ms
148 silly resolveWithNewModule supports-color@7.2.0 checking installable status
149 silly pacote range manifest for color-convert@^2.0.1 fetched in 32ms
150 silly resolveWithNewModule color-convert@2.0.1 checking installable status
151 silly pacote range manifest for color-name@~1.1.4 fetched in 15ms
152 silly resolveWithNewModule color-name@1.1.4 checking installable status
153 silly pacote range manifest for has-flag@^4.0.0 fetched in 5ms
154 silly resolveWithNewModule has-flag@4.0.0 checking installable status
155 http fetch GET 304 https://registry.npmjs.org/restore-cursor 366ms (from cache)
156 silly pacote range manifest for restore-cursor@^3.1.0 fetched in 382ms
157 silly resolveWithNewModule restore-cursor@3.1.0 checking installable status
158 http fetch GET 200 https://registry.npmjs.org/ansi-regex 35ms (from cache)
159 silly pacote range manifest for ansi-regex@^5.0.0 fetched in 51ms
160 silly resolveWithNewModule ansi-regex@5.0.0 checking installable status
161 http fetch GET 304 https://registry.npmjs.org/defaults 403ms (from cache)
162 silly pacote range manifest for defaults@^1.0.3 fetched in 418ms
163 silly resolveWithNewModule defaults@1.0.3 checking installable status
164 http fetch GET 304 https://registry.npmjs.org/clone 464ms (from cache)
165 silly pacote range manifest for clone@^1.0.2 fetched in 485ms
166 silly resolveWithNewModule clone@1.0.4 checking installable status
167 http fetch GET 200 https://registry.npmjs.org/mkdirp 298ms (from cache)
168 silly pacote range manifest for mkdirp@^1.0.3 fetched in 316ms
169 silly resolveWithNewModule mkdirp@1.0.4 checking installable status
170 http fetch GET 304 https://registry.npmjs.org/cacache 965ms (from cache)
171 http fetch GET 304 https://registry.npmjs.org/@npmcli%2finstalled-package-contents 1067ms (from cache)
172 silly pacote range manifest for cacache@^15.0.5 fetched in 1003ms
173 silly resolveWithNewModule cacache@15.0.5 checking installable status
174 http fetch GET 304 https://registry.npmjs.org/@npmcli%2fgit 1184ms (from cache)
175 http fetch GET 304 https://registry.npmjs.org/minipass 1032ms (from cache)
176 silly pacote range manifest for @npmcli/installed-package-contents@^1.0.5 fetched in 1138ms
177 silly resolveWithNewModule @npmcli/installed-package-contents@1.0.5 checking installable status
178 http fetch GET 304 https://registry.npmjs.org/@npmcli%2fpromise-spawn 1168ms (from cache)
179 silly pacote range manifest for minipass@^3.1.3 fetched in 1120ms
180 silly resolveWithNewModule minipass@3.1.3 checking installable status
181 silly pacote range manifest for @npmcli/git@^2.0.1 fetched in 1302ms
182 silly resolveWithNewModule @npmcli/git@2.0.4 checking installable status
183 silly pacote range manifest for @npmcli/promise-spawn@^1.2.0 fetched in 1300ms
184 silly resolveWithNewModule @npmcli/promise-spawn@1.3.2 checking installable status
185 http fetch GET 304 https://registry.npmjs.org/@npmcli%2frun-script 1285ms (from cache)
186 silly pacote range manifest for @npmcli/run-script@^1.3.0 fetched in 1388ms
187 silly resolveWithNewModule @npmcli/run-script@1.8.1 checking installable status
188 http fetch GET 304 https://registry.npmjs.org/infer-owner 1501ms (from cache)
189 http fetch GET 304 https://registry.npmjs.org/chownr 1569ms (from cache)
190 silly pacote range manifest for infer-owner@^1.0.4 fetched in 1555ms
191 silly resolveWithNewModule infer-owner@1.0.4 checking installable status
192 http fetch GET 304 https://registry.npmjs.org/fs-minipass 1618ms (from cache)
193 http fetch GET 304 https://registry.npmjs.org/npm-package-arg 1322ms (from cache)
194 silly pacote range manifest for chownr@^2.0.0 fetched in 1718ms
195 silly resolveWithNewModule chownr@2.0.0 checking installable status
196 silly pacote range manifest for fs-minipass@^2.1.0 fetched in 1801ms
197 silly resolveWithNewModule fs-minipass@2.1.0 checking installable status
198 silly pacote range manifest for npm-package-arg@^8.0.1 fetched in 1488ms
199 silly resolveWithNewModule npm-package-arg@8.1.0 checking installable status
200 http fetch GET 304 https://registry.npmjs.org/npm-packlist 888ms (from cache)
201 silly pacote range manifest for npm-packlist@^2.1.4 fetched in 939ms
202 silly resolveWithNewModule npm-packlist@2.1.4 checking installable status
203 http fetch GET 304 https://registry.npmjs.org/npm-registry-fetch 901ms (from cache)
204 http fetch GET 304 https://registry.npmjs.org/promise-retry 902ms (from cache)
205 http fetch GET 304 https://registry.npmjs.org/read-package-json-fast 869ms (from cache)
206 silly pacote range manifest for promise-retry@^1.1.1 fetched in 951ms
207 silly resolveWithNewModule promise-retry@1.1.1 checking installable status
208 silly pacote range manifest for npm-registry-fetch@^9.0.0 fetched in 966ms
209 silly resolveWithNewModule npm-registry-fetch@9.0.0 checking installable status
210 http fetch GET 304 https://registry.npmjs.org/rimraf 805ms (from cache)
211 silly pacote range manifest for read-package-json-fast@^1.1.3 fetched in 986ms
212 silly resolveWithNewModule read-package-json-fast@1.2.1 checking installable status
213 silly pacote range manifest for rimraf@^3.0.2 fetched in 887ms
214 silly resolveWithNewModule rimraf@3.0.2 checking installable status
215 http fetch GET 304 https://registry.npmjs.org/ssri 804ms (from cache)
216 http fetch GET 304 https://registry.npmjs.org/npm-pick-manifest 1333ms (from cache)
217 silly pacote range manifest for ssri@^8.0.0 fetched in 854ms
218 silly resolveWithNewModule ssri@8.0.0 checking installable status
219 silly pacote range manifest for npm-pick-manifest@^6.0.0 fetched in 1370ms
220 silly resolveWithNewModule npm-pick-manifest@6.1.0 checking installable status
221 http fetch GET 304 https://registry.npmjs.org/tar 701ms (from cache)
222 silly fetchPackageMetaData error for tar@^6.1.0 Unexpected end of JSON input while parsing near '... || 0.7 || 0.8"}},"0.'
223 timing stage:rollbackFailedOptional Completed in 16ms
224 timing stage:runTopLevelLifecycles Completed in 21971ms
225 verbose stack SyntaxError: Unexpected end of JSON input while parsing near '... || 0.7 || 0.8"}},"0.'
225 verbose stack     at JSON.parse (<anonymous>)
225 verbose stack     at parseJson (/usr/local/lib/node_modules/npm/node_modules/json-parse-better-errors/index.js:7:17)
225 verbose stack     at /usr/local/lib/node_modules/npm/node_modules/node-fetch-npm/src/body.js:96:50
225 verbose stack     at runMicrotasks (<anonymous>)
225 verbose stack     at processTicksAndRejections (internal/process/task_queues.js:97:5)
226 verbose cwd /Users/mac/Desktop/nevi/nevi
227 verbose Darwin 17.7.0
228 verbose argv "/usr/local/bin/node" "/usr/local/bin/npm" "i" "-g" "@formspree/cli"
229 verbose node v12.18.1
230 verbose npm  v6.14.5
231 error Unexpected end of JSON input while parsing near '... || 0.7 || 0.8"}},"0.'
232 verbose exit [ 1, true ]
