0 info it worked if it ends with ok
1 verbose cli [
1 verbose cli   '/usr/local/bin/node',
1 verbose cli   '/usr/local/bin/npm',
1 verbose cli   'i',
1 verbose cli   '-g',
1 verbose cli   '@formspree/cli'
1 verbose cli ]
2 info using npm@6.14.5
3 info using node@v12.18.1
4 verbose npm-session 5d546cabc3d8f7f4
5 silly install loadCurrentTree
6 silly install readGlobalPackageData
7 http fetch GET 200 https://registry.npmjs.org/@formspree%2fcli 218ms (from cache)
8 silly pacote tag manifest for @formspree/cli@latest fetched in 469ms
9 timing stage:loadCurrentTree Completed in 915ms
10 silly install loadIdealTree
11 silly install cloneCurrentTreeToIdealTree
12 timing stage:loadIdealTree:cloneCurrentTree Completed in 1ms
13 silly install loadShrinkwrap
14 timing stage:loadIdealTree:loadShrinkwrap Completed in 19ms
15 silly install loadAllDepsIntoIdealTree
16 silly resolveWithNewModule @formspree/cli@0.9.6 checking installable status
17 http fetch GET 200 https://registry.npmjs.org/@formspree%2fdeploy 1035ms (from cache)
18 silly pacote range manifest for @formspree/deploy@^0.3.3 fetched in 1106ms
19 silly resolveWithNewModule @formspree/deploy@0.3.3 checking installable status
20 http fetch GET 304 https://registry.npmjs.org/common-tags 2525ms (from cache)
21 http fetch GET 304 https://registry.npmjs.org/execa 2519ms (from cache)
22 http fetch GET 304 https://registry.npmjs.org/pacote 2472ms (from cache)
23 silly pacote range manifest for common-tags@^1.8.0 fetched in 2653ms
24 silly resolveWithNewModule common-tags@1.8.0 checking installable status
25 silly pacote range manifest for execa@^2.1.0 fetched in 2623ms
26 silly resolveWithNewModule execa@2.1.0 checking installable status
27 silly pacote range manifest for pacote@^11.1.14 fetched in 2559ms
28 silly resolveWithNewModule pacote@11.2.2 checking installable status
29 http fetch GET 304 https://registry.npmjs.org/ora 2869ms (from cache)
30 http fetch GET 304 https://registry.npmjs.org/dotenv 2910ms (from cache)
31 silly pacote range manifest for ora@^4.1.1 fetched in 2919ms
32 silly resolveWithNewModule ora@4.1.1 checking installable status
33 silly pacote range manifest for dotenv@^8.2.0 fetched in 2955ms
34 silly resolveWithNewModule dotenv@8.2.0 checking installable status
35 http fetch GET 304 https://registry.npmjs.org/yargs 3440ms (from cache)
36 silly pacote range manifest for yargs@^15.4.1 fetched in 3541ms
37 silly resolveWithNewModule yargs@15.4.1 checking installable status
38 http fetch GET 304 https://registry.npmjs.org/axios 3825ms (from cache)
39 silly pacote range manifest for axios@^0.21.1 fetched in 3859ms
40 silly resolveWithNewModule axios@0.21.1 checking installable status
41 http fetch GET 304 https://registry.npmjs.org/chalk 4058ms (from cache)
42 silly pacote range manifest for chalk@^2.4.2 fetched in 4089ms
43 silly resolveWithNewModule chalk@2.4.2 checking installable status
44 http fetch GET 304 https://registry.npmjs.org/follow-redirects 438ms (from cache)
45 silly pacote range manifest for follow-redirects@^1.10.0 fetched in 497ms
46 silly resolveWithNewModule follow-redirects@1.13.1 checking installable status
47 http fetch GET 304 https://registry.npmjs.org/ansi-styles 500ms (from cache)
48 http fetch GET 304 https://registry.npmjs.org/supports-color 504ms (from cache)
49 silly pacote range manifest for ansi-styles@^3.2.1 fetched in 536ms
50 silly resolveWithNewModule ansi-styles@3.2.1 checking installable status
51 silly pacote range manifest for supports-color@^5.3.0 fetched in 537ms
52 silly resolveWithNewModule supports-color@5.5.0 checking installable status
53 http fetch GET 304 https://registry.npmjs.org/escape-string-regexp 1072ms (from cache)
54 silly pacote range manifest for escape-string-regexp@^1.0.5 fetched in 1091ms
55 silly resolveWithNewModule escape-string-regexp@1.0.5 checking installable status
56 http fetch GET 304 https://registry.npmjs.org/color-convert 397ms (from cache)
57 silly pacote range manifest for color-convert@^1.9.0 fetched in 415ms
58 silly resolveWithNewModule color-convert@1.9.3 checking installable status
59 http fetch GET 304 https://registry.npmjs.org/color-name 365ms (from cache)
60 silly pacote version manifest for color-name@1.1.3 fetched in 397ms
61 silly resolveWithNewModule color-name@1.1.3 checking installable status
62 http fetch GET 304 https://registry.npmjs.org/has-flag 953ms (from cache)
63 silly pacote range manifest for has-flag@^3.0.0 fetched in 968ms
64 silly resolveWithNewModule has-flag@3.0.0 checking installable status
65 http fetch GET 200 https://registry.npmjs.org/p-finally 335ms (from cache)
66 silly pacote range manifest for p-finally@^2.0.0 fetched in 382ms
67 silly resolveWithNewModule p-finally@2.0.1 checking installable status
68 http fetch GET 304 https://registry.npmjs.org/cross-spawn 899ms (from cache)
69 silly pacote range manifest for cross-spawn@^7.0.0 fetched in 950ms
70 silly resolveWithNewModule cross-spawn@7.0.3 checking installable status
71 http fetch GET 304 https://registry.npmjs.org/merge-stream 1001ms (from cache)
72 http fetch GET 304 https://registry.npmjs.org/get-stream 1035ms (from cache)
73 http fetch GET 304 https://registry.npmjs.org/npm-run-path 1051ms (from cache)
74 http fetch GET 304 https://registry.npmjs.org/onetime 1052ms (from cache)
75 http fetch GET 304 https://registry.npmjs.org/is-stream 1114ms (from cache)
76 http fetch GET 304 https://registry.npmjs.org/signal-exit 1114ms (from cache)
77 silly pacote range manifest for npm-run-path@^3.0.0 fetched in 1122ms
78 silly resolveWithNewModule npm-run-path@3.1.0 checking installable status
79 silly pacote range manifest for merge-stream@^2.0.0 fetched in 1139ms
80 silly resolveWithNewModule merge-stream@2.0.0 checking installable status
81 silly pacote range manifest for onetime@^5.1.0 fetched in 1153ms
82 silly resolveWithNewModule onetime@5.1.2 checking installable status
83 silly pacote range manifest for get-stream@^5.0.0 fetched in 1185ms
84 silly resolveWithNewModule get-stream@5.2.0 checking installable status
85 http fetch GET 304 https://registry.npmjs.org/strip-final-newline 1172ms (from cache)
86 silly pacote range manifest for is-stream@^2.0.0 fetched in 1202ms
87 silly resolveWithNewModule is-stream@2.0.0 checking installable status
88 silly pacote range manifest for signal-exit@^3.0.2 fetched in 1216ms
89 silly resolveWithNewModule signal-exit@3.0.3 checking installable status
90 silly pacote range manifest for strip-final-newline@^2.0.0 fetched in 1207ms
91 silly resolveWithNewModule strip-final-newline@2.0.0 checking installable status
92 http fetch GET 304 https://registry.npmjs.org/shebang-command 665ms (from cache)
93 silly pacote range manifest for shebang-command@^2.0.0 fetched in 669ms
94 silly resolveWithNewModule shebang-command@2.0.0 checking installable status
95 http fetch GET 304 https://registry.npmjs.org/path-key 1318ms (from cache)
96 silly pacote range manifest for path-key@^3.1.0 fetched in 1335ms
97 silly resolveWithNewModule path-key@3.1.1 checking installable status
98 http fetch GET 304 https://registry.npmjs.org/which 1383ms (from cache)
99 silly pacote range manifest for which@^2.0.1 fetched in 1719ms
100 silly resolveWithNewModule which@2.0.2 checking installable status
101 http fetch GET 304 https://registry.npmjs.org/shebang-regex 357ms (from cache)
102 silly pacote range manifest for shebang-regex@^3.0.0 fetched in 381ms
103 silly resolveWithNewModule shebang-regex@3.0.0 checking installable status
104 http fetch GET 304 https://registry.npmjs.org/isexe 401ms (from cache)
105 silly pacote range manifest for isexe@^2.0.0 fetched in 430ms
106 silly resolveWithNewModule isexe@2.0.0 checking installable status
107 http fetch GET 200 https://registry.npmjs.org/pump 53ms (from cache)
108 silly pacote range manifest for pump@^3.0.0 fetched in 89ms
109 silly resolveWithNewModule pump@3.0.0 checking installable status
110 http fetch GET 200 https://registry.npmjs.org/once 50ms (from cache)
111 silly pacote range manifest for once@^1.3.1 fetched in 79ms
112 silly resolveWithNewModule once@1.4.0 checking installable status
113 http fetch GET 304 https://registry.npmjs.org/end-of-stream 364ms (from cache)
114 silly pacote range manifest for end-of-stream@^1.1.0 fetched in 383ms
115 silly resolveWithNewModule end-of-stream@1.4.4 checking installable status
116 http fetch GET 304 https://registry.npmjs.org/wrappy 382ms (from cache)
117 silly pacote range manifest for wrappy@1 fetched in 387ms
118 silly resolveWithNewModule wrappy@1.0.2 checking installable status
119 http fetch GET 304 https://registry.npmjs.org/mimic-fn 365ms (from cache)
120 silly pacote range manifest for mimic-fn@^2.1.0 fetched in 387ms
121 silly resolveWithNewModule mimic-fn@2.1.0 checking installable status
122 silly pacote range manifest for chalk@^3.0.0 fetched in 304ms
123 silly resolveWithNewModule chalk@3.0.0 checking installable status
124 http fetch GET 304 https://registry.npmjs.org/cli-cursor 1051ms (from cache)
125 http fetch GET 304 https://registry.npmjs.org/is-interactive 1038ms (from cache)
126 http fetch GET 304 https://registry.npmjs.org/cli-spinners 1071ms (from cache)
127 http fetch GET 304 https://registry.npmjs.org/log-symbols 1119ms (from cache)
128 http fetch GET 304 https://registry.npmjs.org/strip-ansi 1101ms (from cache)
129 silly pacote range manifest for cli-cursor@^3.1.0 fetched in 1219ms
130 silly resolveWithNewModule cli-cursor@3.1.0 checking installable status
131 silly pacote range manifest for is-interactive@^1.0.0 fetched in 1218ms
132 silly resolveWithNewModule is-interactive@1.0.0 checking installable status
133 http fetch GET 304 https://registry.npmjs.org/wcwidth 1217ms (from cache)
134 silly pacote range manifest for cli-spinners@^2.2.0 fetched in 1269ms
135 silly resolveWithNewModule cli-spinners@2.5.0 checking installable status
136 http fetch GET 304 https://registry.npmjs.org/mute-stream 1271ms (from cache)
137 silly pacote range manifest for log-symbols@^3.0.0 fetched in 1300ms
138 silly resolveWithNewModule log-symbols@3.0.0 checking installable status
139 silly pacote range manifest for strip-ansi@^6.0.0 fetched in 1286ms
140 silly resolveWithNewModule strip-ansi@6.0.0 checking installable status
141 silly pacote range manifest for wcwidth@^1.0.1 fetched in 1286ms
142 silly resolveWithNewModule wcwidth@1.0.1 checking installable status
143 silly pacote version manifest for mute-stream@0.0.8 fetched in 1334ms
144 silly resolveWithNewModule mute-stream@0.0.8 checking installable status
145 silly pacote range manifest for ansi-styles@^4.1.0 fetched in 34ms
146 silly resolveWithNewModule ansi-styles@4.3.0 checking installable status
147 silly pacote range manifest for supports-color@^7.1.0 fetched in 37ms
148 silly resolveWithNewModule supports-color@7.2.0 checking installable status
149 silly pacote range manifest for color-convert@^2.0.1 fetched in 30ms
150 silly resolveWithNewModule color-convert@2.0.1 checking installable status
151 silly pacote range manifest for color-name@~1.1.4 fetched in 52ms
152 silly resolveWithNewModule color-name@1.1.4 checking installable status
153 silly pacote range manifest for has-flag@^4.0.0 fetched in 15ms
154 silly resolveWithNewModule has-flag@4.0.0 checking installable status
155 http fetch GET 304 https://registry.npmjs.org/restore-cursor 401ms (from cache)
156 silly pacote range manifest for restore-cursor@^3.1.0 fetched in 416ms
157 silly resolveWithNewModule restore-cursor@3.1.0 checking installable status
158 http fetch GET 200 https://registry.npmjs.org/ansi-regex 51ms (from cache)
159 silly pacote range manifest for ansi-regex@^5.0.0 fetched in 131ms
160 silly resolveWithNewModule ansi-regex@5.0.0 checking installable status
161 http fetch GET 304 https://registry.npmjs.org/defaults 584ms (from cache)
162 silly pacote range manifest for defaults@^1.0.3 fetched in 603ms
163 silly resolveWithNewModule defaults@1.0.3 checking installable status
164 http fetch GET 304 https://registry.npmjs.org/clone 397ms (from cache)
165 silly pacote range manifest for clone@^1.0.2 fetched in 416ms
166 silly resolveWithNewModule clone@1.0.4 checking installable status
167 http fetch GET 200 https://registry.npmjs.org/@npmcli%2frun-script 349ms (from cache)
168 silly pacote range manifest for @npmcli/run-script@^1.3.0 fetched in 371ms
169 silly resolveWithNewModule @npmcli/run-script@1.8.1 checking installable status
170 http fetch GET 304 https://registry.npmjs.org/@npmcli%2fgit 1257ms (from cache)
171 http fetch GET 304 https://registry.npmjs.org/@npmcli%2finstalled-package-contents 1269ms (from cache)
172 http fetch GET 304 https://registry.npmjs.org/@npmcli%2fpromise-spawn 1386ms (from cache)
173 http fetch GET 304 https://registry.npmjs.org/chownr 1374ms (from cache)
174 silly pacote range manifest for @npmcli/installed-package-contents@^1.0.5 fetched in 1419ms
175 silly resolveWithNewModule @npmcli/installed-package-contents@1.0.5 checking installable status
176 silly pacote range manifest for @npmcli/git@^2.0.1 fetched in 1469ms
177 silly resolveWithNewModule @npmcli/git@2.0.4 checking installable status
178 http fetch GET 304 https://registry.npmjs.org/fs-minipass 1501ms (from cache)
179 http fetch GET 304 https://registry.npmjs.org/infer-owner 1500ms (from cache)
180 http fetch GET 304 https://registry.npmjs.org/mkdirp 1485ms (from cache)
181 http fetch GET 304 https://registry.npmjs.org/cacache 1550ms (from cache)
182 silly pacote range manifest for @npmcli/promise-spawn@^1.2.0 fetched in 1601ms
183 silly resolveWithNewModule @npmcli/promise-spawn@1.3.2 checking installable status
184 silly pacote range manifest for chownr@^2.0.0 fetched in 1586ms
185 silly resolveWithNewModule chownr@2.0.0 checking installable status
186 silly pacote range manifest for fs-minipass@^2.1.0 fetched in 1667ms
187 silly resolveWithNewModule fs-minipass@2.1.0 checking installable status
188 silly pacote range manifest for infer-owner@^1.0.4 fetched in 1670ms
189 silly resolveWithNewModule infer-owner@1.0.4 checking installable status
190 silly pacote range manifest for mkdirp@^1.0.3 fetched in 1669ms
191 silly resolveWithNewModule mkdirp@1.0.4 checking installable status
192 silly pacote range manifest for cacache@^15.0.5 fetched in 1768ms
193 silly resolveWithNewModule cacache@15.0.5 checking installable status
194 http fetch GET 304 https://registry.npmjs.org/npm-package-arg 1737ms (from cache)
195 http fetch GET 304 https://registry.npmjs.org/minipass 2190ms (from cache)
196 silly pacote range manifest for npm-package-arg@^8.0.1 fetched in 1907ms
197 silly resolveWithNewModule npm-package-arg@8.1.0 checking installable status
198 silly pacote range manifest for minipass@^3.1.3 fetched in 2352ms
199 silly resolveWithNewModule minipass@3.1.3 checking installable status
200 http fetch GET 304 https://registry.npmjs.org/npm-pick-manifest 1235ms (from cache)
201 http fetch GET 304 https://registry.npmjs.org/npm-packlist 1268ms (from cache)
202 silly pacote range manifest for npm-pick-manifest@^6.0.0 fetched in 1368ms
203 silly resolveWithNewModule npm-pick-manifest@6.1.0 checking installable status
204 silly pacote range manifest for npm-packlist@^2.1.4 fetched in 1388ms
205 silly resolveWithNewModule npm-packlist@2.1.4 checking installable status
206 http fetch GET 304 https://registry.npmjs.org/promise-retry 1270ms (from cache)
207 http fetch GET 304 https://registry.npmjs.org/npm-registry-fetch 1301ms (from cache)
208 http fetch GET 304 https://registry.npmjs.org/read-package-json-fast 1222ms (from cache)
209 http fetch GET 304 https://registry.npmjs.org/ssri 1221ms (from cache)
210 silly pacote range manifest for promise-retry@^1.1.1 fetched in 1336ms
211 silly resolveWithNewModule promise-retry@1.1.1 checking installable status
212 http fetch GET 304 https://registry.npmjs.org/rimraf 1253ms (from cache)
213 silly pacote range manifest for npm-registry-fetch@^9.0.0 fetched in 1370ms
214 silly resolveWithNewModule npm-registry-fetch@9.0.0 checking installable status
215 http fetch GET 304 https://registry.npmjs.org/tar 1216ms (from cache)
216 silly fetchPackageMetaData error for tar@^6.1.0 Unexpected end of JSON input while parsing near '... || 0.7 || 0.8"}},"0.'
217 silly pacote range manifest for read-package-json-fast@^1.1.3 fetched in 1303ms
218 silly resolveWithNewModule read-package-json-fast@1.2.1 checking installable status
219 silly pacote range manifest for ssri@^8.0.0 fetched in 1301ms
220 silly resolveWithNewModule ssri@8.0.0 checking installable status
221 silly pacote range manifest for rimraf@^3.0.2 fetched in 1316ms
222 silly resolveWithNewModule rimraf@3.0.2 checking installable status
223 timing stage:rollbackFailedOptional Completed in 13ms
224 timing stage:runTopLevelLifecycles Completed in 20618ms
225 verbose stack SyntaxError: Unexpected end of JSON input while parsing near '... || 0.7 || 0.8"}},"0.'
225 verbose stack     at JSON.parse (<anonymous>)
225 verbose stack     at parseJson (/usr/local/lib/node_modules/npm/node_modules/json-parse-better-errors/index.js:7:17)
225 verbose stack     at /usr/local/lib/node_modules/npm/node_modules/node-fetch-npm/src/body.js:96:50
225 verbose stack     at runMicrotasks (<anonymous>)
225 verbose stack     at processTicksAndRejections (internal/process/task_queues.js:97:5)
226 verbose cwd /Users/mac/Desktop/nevi/nevi
227 verbose Darwin 17.7.0
228 verbose argv "/usr/local/bin/node" "/usr/local/bin/npm" "i" "-g" "@formspree/cli"
229 verbose node v12.18.1
230 verbose npm  v6.14.5
231 error Unexpected end of JSON input while parsing near '... || 0.7 || 0.8"}},"0.'
232 verbose exit [ 1, true ]
