0 info it worked if it ends with ok
1 verbose cli [
1 verbose cli   '/usr/local/bin/node',
1 verbose cli   '/usr/local/bin/npm',
1 verbose cli   'i',
1 verbose cli   '-g',
1 verbose cli   '@formspree/cli'
1 verbose cli ]
2 info using npm@6.14.5
3 info using node@v12.18.1
4 verbose npm-session 967673defef1035f
5 silly install loadCurrentTree
6 silly install readGlobalPackageData
7 http fetch GET 304 https://registry.npmjs.org/@formspree%2fcli 3144ms (from cache)
8 silly pacote tag manifest for @formspree/cli@latest fetched in 3391ms
9 timing stage:loadCurrentTree Completed in 3607ms
10 silly install loadIdealTree
11 silly install cloneCurrentTreeToIdealTree
12 timing stage:loadIdealTree:cloneCurrentTree Completed in 12ms
13 silly install loadShrinkwrap
14 timing stage:loadIdealTree:loadShrinkwrap Completed in 21ms
15 silly install loadAllDepsIntoIdealTree
16 silly resolveWithNewModule @formspree/cli@0.9.6 checking installable status
17 http fetch GET 304 https://registry.npmjs.org/@formspree%2fdeploy 2851ms (from cache)
18 http fetch GET 304 https://registry.npmjs.org/common-tags 2807ms (from cache)
19 http fetch GET 304 https://registry.npmjs.org/dotenv 2954ms (from cache)
20 silly pacote range manifest for common-tags@^1.8.0 fetched in 3155ms
21 silly resolveWithNewModule common-tags@1.8.0 checking installable status
22 silly pacote range manifest for @formspree/deploy@^0.3.3 fetched in 3225ms
23 silly resolveWithNewModule @formspree/deploy@0.3.3 checking installable status
24 http fetch GET 304 https://registry.npmjs.org/ora 3137ms (from cache)
25 silly pacote range manifest for dotenv@^8.2.0 fetched in 3206ms
26 silly resolveWithNewModule dotenv@8.2.0 checking installable status
27 silly pacote range manifest for ora@^4.1.1 fetched in 3256ms
28 silly resolveWithNewModule ora@4.1.1 checking installable status
29 http fetch GET 304 https://registry.npmjs.org/pacote 3285ms (from cache)
30 silly pacote range manifest for pacote@^11.1.14 fetched in 3439ms
31 silly resolveWithNewModule pacote@11.2.2 checking installable status
32 http fetch GET 304 https://registry.npmjs.org/execa 3509ms (from cache)
33 silly pacote range manifest for execa@^2.1.0 fetched in 3573ms
34 silly resolveWithNewModule execa@2.1.0 checking installable status
35 http fetch GET 304 https://registry.npmjs.org/chalk 3638ms (from cache)
36 silly pacote range manifest for chalk@^2.4.2 fetched in 3677ms
37 silly resolveWithNewModule chalk@2.4.2 checking installable status
38 http fetch GET 304 https://registry.npmjs.org/axios 3708ms (from cache)
39 silly pacote range manifest for axios@^0.21.1 fetched in 3759ms
40 silly resolveWithNewModule axios@0.21.1 checking installable status
41 http fetch GET 304 https://registry.npmjs.org/yargs 5223ms (from cache)
42 silly pacote range manifest for yargs@^15.4.1 fetched in 5340ms
43 silly resolveWithNewModule yargs@15.4.1 checking installable status
44 http fetch GET 304 https://registry.npmjs.org/follow-redirects 450ms (from cache)
45 silly pacote range manifest for follow-redirects@^1.10.0 fetched in 497ms
46 silly resolveWithNewModule follow-redirects@1.13.1 checking installable status
47 http fetch GET 304 https://registry.npmjs.org/ansi-styles 716ms (from cache)
48 silly pacote range manifest for ansi-styles@^3.2.1 fetched in 751ms
49 silly resolveWithNewModule ansi-styles@3.2.1 checking installable status
50 http fetch GET 304 https://registry.npmjs.org/supports-color 753ms (from cache)
51 http fetch GET 304 https://registry.npmjs.org/escape-string-regexp 770ms (from cache)
52 silly pacote range manifest for supports-color@^5.3.0 fetched in 817ms
53 silly resolveWithNewModule supports-color@5.5.0 checking installable status
54 silly pacote range manifest for escape-string-regexp@^1.0.5 fetched in 833ms
55 silly resolveWithNewModule escape-string-regexp@1.0.5 checking installable status
56 http fetch GET 304 https://registry.npmjs.org/color-convert 453ms (from cache)
57 silly pacote range manifest for color-convert@^1.9.0 fetched in 471ms
58 silly resolveWithNewModule color-convert@1.9.3 checking installable status
59 http fetch GET 304 https://registry.npmjs.org/color-name 554ms (from cache)
60 silly pacote version manifest for color-name@1.1.3 fetched in 583ms
61 silly resolveWithNewModule color-name@1.1.3 checking installable status
62 http fetch GET 304 https://registry.npmjs.org/has-flag 485ms (from cache)
63 silly pacote range manifest for has-flag@^3.0.0 fetched in 501ms
64 silly resolveWithNewModule has-flag@3.0.0 checking installable status
65 http fetch GET 200 https://registry.npmjs.org/cross-spawn 432ms (from cache)
66 silly pacote range manifest for cross-spawn@^7.0.0 fetched in 451ms
67 silly resolveWithNewModule cross-spawn@7.0.3 checking installable status
68 http fetch GET 304 https://registry.npmjs.org/is-stream 1235ms (from cache)
69 http fetch GET 304 https://registry.npmjs.org/get-stream 1249ms (from cache)
70 http fetch GET 304 https://registry.npmjs.org/npm-run-path 1300ms (from cache)
71 http fetch GET 304 https://registry.npmjs.org/signal-exit 1350ms (from cache)
72 http fetch GET 304 https://registry.npmjs.org/strip-final-newline 1340ms (from cache)
73 silly pacote range manifest for is-stream@^2.0.0 fetched in 1403ms
74 silly resolveWithNewModule is-stream@2.0.0 checking installable status
75 silly pacote range manifest for get-stream@^5.0.0 fetched in 1419ms
76 silly resolveWithNewModule get-stream@5.2.0 checking installable status
77 silly pacote range manifest for npm-run-path@^3.0.0 fetched in 1517ms
78 silly resolveWithNewModule npm-run-path@3.1.0 checking installable status
79 silly pacote range manifest for signal-exit@^3.0.2 fetched in 1537ms
80 silly resolveWithNewModule signal-exit@3.0.3 checking installable status
81 silly pacote range manifest for strip-final-newline@^2.0.0 fetched in 1541ms
82 silly resolveWithNewModule strip-final-newline@2.0.0 checking installable status
83 http fetch GET 304 https://registry.npmjs.org/merge-stream 1738ms (from cache)
84 http fetch GET 304 https://registry.npmjs.org/onetime 1739ms (from cache)
85 http fetch GET 304 https://registry.npmjs.org/p-finally 1771ms (from cache)
86 silly pacote range manifest for merge-stream@^2.0.0 fetched in 1822ms
87 silly resolveWithNewModule merge-stream@2.0.0 checking installable status
88 silly pacote range manifest for onetime@^5.1.0 fetched in 1823ms
89 silly resolveWithNewModule onetime@5.1.2 checking installable status
90 silly pacote range manifest for p-finally@^2.0.0 fetched in 1851ms
91 silly resolveWithNewModule p-finally@2.0.1 checking installable status
92 http fetch GET 304 https://registry.npmjs.org/shebang-command 699ms (from cache)
93 http fetch GET 304 https://registry.npmjs.org/which 703ms (from cache)
94 silly pacote range manifest for shebang-command@^2.0.0 fetched in 733ms
95 silly resolveWithNewModule shebang-command@2.0.0 checking installable status
96 http fetch GET 304 https://registry.npmjs.org/path-key 749ms (from cache)
97 silly pacote range manifest for which@^2.0.1 fetched in 750ms
98 silly resolveWithNewModule which@2.0.2 checking installable status
99 silly pacote range manifest for path-key@^3.1.0 fetched in 784ms
100 silly resolveWithNewModule path-key@3.1.1 checking installable status
101 http fetch GET 304 https://registry.npmjs.org/shebang-regex 466ms (from cache)
102 silly pacote range manifest for shebang-regex@^3.0.0 fetched in 481ms
103 silly resolveWithNewModule shebang-regex@3.0.0 checking installable status
104 http fetch GET 304 https://registry.npmjs.org/isexe 485ms (from cache)
105 silly pacote range manifest for isexe@^2.0.0 fetched in 517ms
106 silly resolveWithNewModule isexe@2.0.0 checking installable status
107 http fetch GET 304 https://registry.npmjs.org/pump 550ms (from cache)
108 silly pacote range manifest for pump@^3.0.0 fetched in 567ms
109 silly resolveWithNewModule pump@3.0.0 checking installable status
110 http fetch GET 304 https://registry.npmjs.org/end-of-stream 649ms (from cache)
111 http fetch GET 304 https://registry.npmjs.org/once 707ms (from cache)
112 silly pacote range manifest for end-of-stream@^1.1.0 fetched in 736ms
113 silly resolveWithNewModule end-of-stream@1.4.4 checking installable status
114 silly pacote range manifest for once@^1.3.1 fetched in 764ms
115 silly resolveWithNewModule once@1.4.0 checking installable status
116 http fetch GET 304 https://registry.npmjs.org/wrappy 1187ms (from cache)
117 silly pacote range manifest for wrappy@1 fetched in 1206ms
118 silly resolveWithNewModule wrappy@1.0.2 checking installable status
119 http fetch GET 304 https://registry.npmjs.org/mimic-fn 517ms (from cache)
120 silly pacote range manifest for mimic-fn@^2.1.0 fetched in 522ms
121 silly resolveWithNewModule mimic-fn@2.1.0 checking installable status
122 silly pacote range manifest for chalk@^3.0.0 fetched in 201ms
123 silly resolveWithNewModule chalk@3.0.0 checking installable status
124 http fetch GET 304 https://registry.npmjs.org/cli-cursor 1133ms (from cache)
125 http fetch GET 304 https://registry.npmjs.org/cli-spinners 1122ms (from cache)
126 http fetch GET 304 https://registry.npmjs.org/is-interactive 1136ms (from cache)
127 http fetch GET 304 https://registry.npmjs.org/mute-stream 1152ms (from cache)
128 silly pacote range manifest for cli-cursor@^3.1.0 fetched in 1216ms
129 silly resolveWithNewModule cli-cursor@3.1.0 checking installable status
130 silly pacote range manifest for cli-spinners@^2.2.0 fetched in 1217ms
131 silly resolveWithNewModule cli-spinners@2.5.0 checking installable status
132 http fetch GET 304 https://registry.npmjs.org/strip-ansi 1182ms (from cache)
133 silly pacote range manifest for is-interactive@^1.0.0 fetched in 1220ms
134 silly resolveWithNewModule is-interactive@1.0.0 checking installable status
135 http fetch GET 304 https://registry.npmjs.org/wcwidth 1187ms (from cache)
136 http fetch GET 304 https://registry.npmjs.org/log-symbols 1219ms (from cache)
137 silly pacote version manifest for mute-stream@0.0.8 fetched in 1218ms
138 silly resolveWithNewModule mute-stream@0.0.8 checking installable status
139 silly pacote range manifest for strip-ansi@^6.0.0 fetched in 1221ms
140 silly resolveWithNewModule strip-ansi@6.0.0 checking installable status
141 silly pacote range manifest for wcwidth@^1.0.1 fetched in 1221ms
142 silly resolveWithNewModule wcwidth@1.0.1 checking installable status
143 silly pacote range manifest for log-symbols@^3.0.0 fetched in 1266ms
144 silly resolveWithNewModule log-symbols@3.0.0 checking installable status
145 silly pacote range manifest for ansi-styles@^4.1.0 fetched in 32ms
146 silly resolveWithNewModule ansi-styles@4.3.0 checking installable status
147 silly pacote range manifest for supports-color@^7.1.0 fetched in 33ms
148 silly resolveWithNewModule supports-color@7.2.0 checking installable status
149 silly pacote range manifest for color-convert@^2.0.1 fetched in 14ms
150 silly resolveWithNewModule color-convert@2.0.1 checking installable status
151 silly pacote range manifest for color-name@~1.1.4 fetched in 16ms
152 silly resolveWithNewModule color-name@1.1.4 checking installable status
153 silly pacote range manifest for has-flag@^4.0.0 fetched in 5ms
154 silly resolveWithNewModule has-flag@4.0.0 checking installable status
155 http fetch GET 304 https://registry.npmjs.org/restore-cursor 501ms (from cache)
156 silly pacote range manifest for restore-cursor@^3.1.0 fetched in 518ms
157 silly resolveWithNewModule restore-cursor@3.1.0 checking installable status
158 http fetch GET 304 https://registry.npmjs.org/ansi-regex 485ms (from cache)
159 silly pacote range manifest for ansi-regex@^5.0.0 fetched in 502ms
160 silly resolveWithNewModule ansi-regex@5.0.0 checking installable status
161 http fetch GET 304 https://registry.npmjs.org/defaults 435ms (from cache)
162 silly pacote range manifest for defaults@^1.0.3 fetched in 465ms
163 silly resolveWithNewModule defaults@1.0.3 checking installable status
164 http fetch GET 304 https://registry.npmjs.org/clone 1054ms (from cache)
165 silly pacote range manifest for clone@^1.0.2 fetched in 1086ms
166 silly resolveWithNewModule clone@1.0.4 checking installable status
167 http fetch GET 200 https://registry.npmjs.org/@npmcli%2frun-script 364ms (from cache)
168 http fetch GET 200 https://registry.npmjs.org/@npmcli%2fpromise-spawn 385ms (from cache)
169 http fetch GET 200 https://registry.npmjs.org/@npmcli%2fgit 450ms (from cache)
170 silly pacote range manifest for @npmcli/run-script@^1.3.0 fetched in 413ms
171 silly resolveWithNewModule @npmcli/run-script@1.8.1 checking installable status
172 silly pacote range manifest for @npmcli/promise-spawn@^1.2.0 fetched in 449ms
173 silly resolveWithNewModule @npmcli/promise-spawn@1.3.2 checking installable status
174 silly pacote range manifest for @npmcli/git@^2.0.1 fetched in 549ms
175 silly resolveWithNewModule @npmcli/git@2.0.4 checking installable status
176 http fetch GET 304 https://registry.npmjs.org/chownr 1516ms (from cache)
177 http fetch GET 304 https://registry.npmjs.org/@npmcli%2finstalled-package-contents 1573ms (from cache)
178 http fetch GET 304 https://registry.npmjs.org/fs-minipass 1534ms (from cache)
179 http fetch GET 304 https://registry.npmjs.org/cacache 1570ms (from cache)
180 http fetch GET 304 https://registry.npmjs.org/infer-owner 1571ms (from cache)
181 http fetch GET 304 https://registry.npmjs.org/minipass 1557ms (from cache)
182 http fetch GET 304 https://registry.npmjs.org/mkdirp 1568ms (from cache)
183 silly pacote range manifest for chownr@^2.0.0 fetched in 1651ms
184 silly resolveWithNewModule chownr@2.0.0 checking installable status
185 silly pacote range manifest for @npmcli/installed-package-contents@^1.0.5 fetched in 1784ms
186 silly resolveWithNewModule @npmcli/installed-package-contents@1.0.5 checking installable status
187 silly pacote range manifest for fs-minipass@^2.1.0 fetched in 1705ms
188 silly resolveWithNewModule fs-minipass@2.1.0 checking installable status
189 silly pacote range manifest for cacache@^15.0.5 fetched in 1851ms
190 silly resolveWithNewModule cacache@15.0.5 checking installable status
191 silly pacote range manifest for infer-owner@^1.0.4 fetched in 1838ms
192 silly resolveWithNewModule infer-owner@1.0.4 checking installable status
193 silly pacote range manifest for mkdirp@^1.0.3 fetched in 1952ms
194 silly resolveWithNewModule mkdirp@1.0.4 checking installable status
195 silly pacote range manifest for minipass@^3.1.3 fetched in 1958ms
196 silly resolveWithNewModule minipass@3.1.3 checking installable status
197 http fetch GET 304 https://registry.npmjs.org/npm-pick-manifest 1816ms (from cache)
198 http fetch GET 304 https://registry.npmjs.org/npm-package-arg 1921ms (from cache)
199 http fetch GET 304 https://registry.npmjs.org/npm-packlist 1883ms (from cache)
200 silly pacote range manifest for npm-package-arg@^8.0.1 fetched in 1969ms
201 silly resolveWithNewModule npm-package-arg@8.1.0 checking installable status
202 silly pacote range manifest for npm-packlist@^2.1.4 fetched in 1904ms
203 silly resolveWithNewModule npm-packlist@2.1.4 checking installable status
204 silly pacote range manifest for npm-pick-manifest@^6.0.0 fetched in 1884ms
205 silly resolveWithNewModule npm-pick-manifest@6.1.0 checking installable status
206 http fetch GET 304 https://registry.npmjs.org/npm-registry-fetch 1039ms (from cache)
207 http fetch GET 304 https://registry.npmjs.org/promise-retry 1035ms (from cache)
208 silly pacote range manifest for npm-registry-fetch@^9.0.0 fetched in 1140ms
209 silly resolveWithNewModule npm-registry-fetch@9.0.0 checking installable status
210 silly pacote range manifest for promise-retry@^1.1.1 fetched in 1107ms
211 silly resolveWithNewModule promise-retry@1.1.1 checking installable status
212 http fetch GET 304 https://registry.npmjs.org/ssri 1054ms (from cache)
213 http fetch GET 304 https://registry.npmjs.org/rimraf 1120ms (from cache)
214 silly pacote range manifest for ssri@^8.0.0 fetched in 1137ms
215 silly resolveWithNewModule ssri@8.0.0 checking installable status
216 silly pacote range manifest for rimraf@^3.0.2 fetched in 1253ms
217 silly resolveWithNewModule rimraf@3.0.2 checking installable status
218 http fetch GET 304 https://registry.npmjs.org/tar 1084ms (from cache)
219 silly fetchPackageMetaData error for tar@^6.1.0 Unexpected end of JSON input while parsing near '... || 0.7 || 0.8"}},"0.'
220 http fetch GET 304 https://registry.npmjs.org/read-package-json-fast 1519ms (from cache)
221 silly pacote range manifest for read-package-json-fast@^1.1.3 fetched in 1552ms
222 silly resolveWithNewModule read-package-json-fast@1.2.1 checking installable status
223 timing stage:rollbackFailedOptional Completed in 4ms
224 timing stage:runTopLevelLifecycles Completed in 27481ms
225 verbose stack SyntaxError: Unexpected end of JSON input while parsing near '... || 0.7 || 0.8"}},"0.'
225 verbose stack     at JSON.parse (<anonymous>)
225 verbose stack     at parseJson (/usr/local/lib/node_modules/npm/node_modules/json-parse-better-errors/index.js:7:17)
225 verbose stack     at /usr/local/lib/node_modules/npm/node_modules/node-fetch-npm/src/body.js:96:50
225 verbose stack     at runMicrotasks (<anonymous>)
225 verbose stack     at processTicksAndRejections (internal/process/task_queues.js:97:5)
226 verbose cwd /Users/mac/Desktop/nevi/nevi
227 verbose Darwin 17.7.0
228 verbose argv "/usr/local/bin/node" "/usr/local/bin/npm" "i" "-g" "@formspree/cli"
229 verbose node v12.18.1
230 verbose npm  v6.14.5
231 error Unexpected end of JSON input while parsing near '... || 0.7 || 0.8"}},"0.'
232 verbose exit [ 1, true ]
