0 info it worked if it ends with ok
1 verbose cli [
1 verbose cli   '/usr/local/bin/node',
1 verbose cli   '/usr/local/bin/npm',
1 verbose cli   'i',
1 verbose cli   '-g',
1 verbose cli   '@formspree/cli'
1 verbose cli ]
2 info using npm@6.14.5
3 info using node@v12.18.1
4 verbose npm-session e476c5607a1360dc
5 silly install loadCurrentTree
6 silly install readGlobalPackageData
7 http fetch GET 200 https://registry.npmjs.org/@formspree%2fcli 315ms (from cache)
8 silly pacote tag manifest for @formspree/cli@latest fetched in 619ms
9 timing stage:loadCurrentTree Completed in 887ms
10 silly install loadIdealTree
11 silly install cloneCurrentTreeToIdealTree
12 timing stage:loadIdealTree:cloneCurrentTree Completed in 1ms
13 silly install loadShrinkwrap
14 timing stage:loadIdealTree:loadShrinkwrap Completed in 64ms
15 silly install loadAllDepsIntoIdealTree
16 silly resolveWithNewModule @formspree/cli@0.9.6 checking installable status
17 http fetch GET 200 https://registry.npmjs.org/@formspree%2fdeploy 1187ms (from cache)
18 silly pacote range manifest for @formspree/deploy@^0.3.3 fetched in 1235ms
19 silly resolveWithNewModule @formspree/deploy@0.3.3 checking installable status
20 http fetch GET 304 https://registry.npmjs.org/chalk 2589ms (from cache)
21 http fetch GET 304 https://registry.npmjs.org/pacote 2303ms (from cache)
22 silly pacote range manifest for chalk@^2.4.2 fetched in 2723ms
23 silly resolveWithNewModule chalk@2.4.2 checking installable status
24 silly pacote range manifest for pacote@^11.1.14 fetched in 2438ms
25 silly resolveWithNewModule pacote@11.2.2 checking installable status
26 http fetch GET 304 https://registry.npmjs.org/dotenv 2789ms (from cache)
27 silly pacote range manifest for dotenv@^8.2.0 fetched in 2827ms
28 silly resolveWithNewModule dotenv@8.2.0 checking installable status
29 http fetch GET 304 https://registry.npmjs.org/axios 2934ms (from cache)
30 silly pacote range manifest for axios@^0.21.1 fetched in 2986ms
31 silly resolveWithNewModule axios@0.21.1 checking installable status
32 http fetch GET 304 https://registry.npmjs.org/execa 2853ms (from cache)
33 silly pacote range manifest for execa@^2.1.0 fetched in 2933ms
34 silly resolveWithNewModule execa@2.1.0 checking installable status
35 http fetch GET 304 https://registry.npmjs.org/ora 3674ms (from cache)
36 silly pacote range manifest for ora@^4.1.1 fetched in 3719ms
37 silly resolveWithNewModule ora@4.1.1 checking installable status
38 http fetch GET 304 https://registry.npmjs.org/yargs 4811ms (from cache)
39 silly pacote range manifest for yargs@^15.4.1 fetched in 5063ms
40 silly resolveWithNewModule yargs@15.4.1 checking installable status
41 http fetch GET 304 https://registry.npmjs.org/common-tags 14326ms (from cache)
42 silly pacote range manifest for common-tags@^1.8.0 fetched in 14391ms
43 silly resolveWithNewModule common-tags@1.8.0 checking installable status
44 http fetch GET 304 https://registry.npmjs.org/follow-redirects 463ms (from cache)
45 silly pacote range manifest for follow-redirects@^1.10.0 fetched in 484ms
46 silly resolveWithNewModule follow-redirects@1.13.1 checking installable status
47 http fetch GET 304 https://registry.npmjs.org/escape-string-regexp 484ms (from cache)
48 http fetch GET 304 https://registry.npmjs.org/ansi-styles 501ms (from cache)
49 http fetch GET 304 https://registry.npmjs.org/supports-color 500ms (from cache)
50 silly pacote range manifest for escape-string-regexp@^1.0.5 fetched in 538ms
51 silly resolveWithNewModule escape-string-regexp@1.0.5 checking installable status
52 silly pacote range manifest for ansi-styles@^3.2.1 fetched in 555ms
53 silly resolveWithNewModule ansi-styles@3.2.1 checking installable status
54 silly pacote range manifest for supports-color@^5.3.0 fetched in 565ms
55 silly resolveWithNewModule supports-color@5.5.0 checking installable status
56 http fetch GET 304 https://registry.npmjs.org/color-convert 297ms (from cache)
57 silly pacote range manifest for color-convert@^1.9.0 fetched in 313ms
58 silly resolveWithNewModule color-convert@1.9.3 checking installable status
59 http fetch GET 304 https://registry.npmjs.org/color-name 316ms (from cache)
60 silly pacote version manifest for color-name@1.1.3 fetched in 351ms
61 silly resolveWithNewModule color-name@1.1.3 checking installable status
62 http fetch GET 304 https://registry.npmjs.org/has-flag 318ms (from cache)
63 silly pacote range manifest for has-flag@^3.0.0 fetched in 336ms
64 silly resolveWithNewModule has-flag@3.0.0 checking installable status
65 http fetch GET 304 https://registry.npmjs.org/get-stream 1016ms (from cache)
66 http fetch GET 304 https://registry.npmjs.org/is-stream 1022ms (from cache)
67 http fetch GET 304 https://registry.npmjs.org/onetime 1034ms (from cache)
68 silly pacote range manifest for get-stream@^5.0.0 fetched in 1100ms
69 silly resolveWithNewModule get-stream@5.2.0 checking installable status
70 silly pacote range manifest for is-stream@^2.0.0 fetched in 1106ms
71 silly resolveWithNewModule is-stream@2.0.0 checking installable status
72 silly pacote range manifest for onetime@^5.1.0 fetched in 1119ms
73 silly resolveWithNewModule onetime@5.1.2 checking installable status
74 http fetch GET 304 https://registry.npmjs.org/p-finally 1134ms (from cache)
75 http fetch GET 304 https://registry.npmjs.org/signal-exit 1137ms (from cache)
76 http fetch GET 304 https://registry.npmjs.org/merge-stream 1200ms (from cache)
77 silly pacote range manifest for p-finally@^2.0.0 fetched in 1199ms
78 silly resolveWithNewModule p-finally@2.0.1 checking installable status
79 silly pacote range manifest for signal-exit@^3.0.2 fetched in 1224ms
80 silly resolveWithNewModule signal-exit@3.0.3 checking installable status
81 silly pacote range manifest for merge-stream@^2.0.0 fetched in 1272ms
82 silly resolveWithNewModule merge-stream@2.0.0 checking installable status
83 http fetch GET 304 https://registry.npmjs.org/strip-final-newline 1303ms (from cache)
84 silly pacote range manifest for strip-final-newline@^2.0.0 fetched in 1322ms
85 silly resolveWithNewModule strip-final-newline@2.0.0 checking installable status
86 http fetch GET 304 https://registry.npmjs.org/npm-run-path 1367ms (from cache)
87 silly pacote range manifest for npm-run-path@^3.0.0 fetched in 1384ms
88 silly resolveWithNewModule npm-run-path@3.1.0 checking installable status
89 http fetch GET 304 https://registry.npmjs.org/cross-spawn 4127ms (from cache)
90 silly pacote range manifest for cross-spawn@^7.0.0 fetched in 4207ms
91 silly resolveWithNewModule cross-spawn@7.0.3 checking installable status
92 http fetch GET 304 https://registry.npmjs.org/path-key 584ms (from cache)
93 http fetch GET 304 https://registry.npmjs.org/shebang-command 584ms (from cache)
94 silly pacote range manifest for path-key@^3.1.0 fetched in 617ms
95 silly resolveWithNewModule path-key@3.1.1 checking installable status
96 silly pacote range manifest for shebang-command@^2.0.0 fetched in 618ms
97 silly resolveWithNewModule shebang-command@2.0.0 checking installable status
98 http fetch GET 304 https://registry.npmjs.org/which 750ms (from cache)
99 silly pacote range manifest for which@^2.0.1 fetched in 766ms
100 silly resolveWithNewModule which@2.0.2 checking installable status
101 http fetch GET 304 https://registry.npmjs.org/shebang-regex 355ms (from cache)
102 silly pacote range manifest for shebang-regex@^3.0.0 fetched in 402ms
103 silly resolveWithNewModule shebang-regex@3.0.0 checking installable status
104 http fetch GET 304 https://registry.npmjs.org/isexe 754ms (from cache)
105 silly pacote range manifest for isexe@^2.0.0 fetched in 772ms
106 silly resolveWithNewModule isexe@2.0.0 checking installable status
107 http fetch GET 304 https://registry.npmjs.org/pump 347ms (from cache)
108 silly pacote range manifest for pump@^3.0.0 fetched in 365ms
109 silly resolveWithNewModule pump@3.0.0 checking installable status
110 http fetch GET 304 https://registry.npmjs.org/end-of-stream 368ms (from cache)
111 http fetch GET 304 https://registry.npmjs.org/once 371ms (from cache)
112 silly pacote range manifest for end-of-stream@^1.1.0 fetched in 402ms
113 silly resolveWithNewModule end-of-stream@1.4.4 checking installable status
114 silly pacote range manifest for once@^1.3.1 fetched in 414ms
115 silly resolveWithNewModule once@1.4.0 checking installable status
116 http fetch GET 304 https://registry.npmjs.org/wrappy 885ms (from cache)
117 silly pacote range manifest for wrappy@1 fetched in 902ms
118 silly resolveWithNewModule wrappy@1.0.2 checking installable status
119 http fetch GET 304 https://registry.npmjs.org/mimic-fn 866ms (from cache)
120 silly pacote range manifest for mimic-fn@^2.1.0 fetched in 882ms
121 silly resolveWithNewModule mimic-fn@2.1.0 checking installable status
122 silly pacote range manifest for chalk@^3.0.0 fetched in 136ms
123 silly resolveWithNewModule chalk@3.0.0 checking installable status
124 http fetch GET 304 https://registry.npmjs.org/is-interactive 753ms (from cache)
125 http fetch GET 304 https://registry.npmjs.org/log-symbols 767ms (from cache)
126 http fetch GET 304 https://registry.npmjs.org/cli-spinners 818ms (from cache)
127 silly pacote range manifest for is-interactive@^1.0.0 fetched in 836ms
128 silly resolveWithNewModule is-interactive@1.0.0 checking installable status
129 silly pacote range manifest for log-symbols@^3.0.0 fetched in 849ms
130 silly resolveWithNewModule log-symbols@3.0.0 checking installable status
131 http fetch GET 304 https://registry.npmjs.org/mute-stream 854ms (from cache)
132 silly pacote range manifest for cli-spinners@^2.2.0 fetched in 874ms
133 silly resolveWithNewModule cli-spinners@2.5.0 checking installable status
134 http fetch GET 304 https://registry.npmjs.org/cli-cursor 903ms (from cache)
135 http fetch GET 304 https://registry.npmjs.org/wcwidth 901ms (from cache)
136 silly pacote version manifest for mute-stream@0.0.8 fetched in 924ms
137 silly resolveWithNewModule mute-stream@0.0.8 checking installable status
138 silly pacote range manifest for cli-cursor@^3.1.0 fetched in 1018ms
139 silly resolveWithNewModule cli-cursor@3.1.0 checking installable status
140 silly pacote range manifest for wcwidth@^1.0.1 fetched in 1018ms
141 silly resolveWithNewModule wcwidth@1.0.1 checking installable status
142 http fetch GET 304 https://registry.npmjs.org/strip-ansi 1083ms (from cache)
143 silly pacote range manifest for strip-ansi@^6.0.0 fetched in 1103ms
144 silly resolveWithNewModule strip-ansi@6.0.0 checking installable status
145 silly pacote range manifest for supports-color@^7.1.0 fetched in 31ms
146 silly resolveWithNewModule supports-color@7.2.0 checking installable status
147 silly pacote range manifest for ansi-styles@^4.1.0 fetched in 35ms
148 silly resolveWithNewModule ansi-styles@4.3.0 checking installable status
149 silly pacote range manifest for color-convert@^2.0.1 fetched in 33ms
150 silly resolveWithNewModule color-convert@2.0.1 checking installable status
151 silly pacote range manifest for color-name@~1.1.4 fetched in 20ms
152 silly resolveWithNewModule color-name@1.1.4 checking installable status
153 silly pacote range manifest for has-flag@^4.0.0 fetched in 17ms
154 silly resolveWithNewModule has-flag@4.0.0 checking installable status
155 http fetch GET 304 https://registry.npmjs.org/restore-cursor 3907ms (from cache)
156 silly pacote range manifest for restore-cursor@^3.1.0 fetched in 3923ms
157 silly resolveWithNewModule restore-cursor@3.1.0 checking installable status
158 http fetch GET 304 https://registry.npmjs.org/ansi-regex 336ms (from cache)
159 silly pacote range manifest for ansi-regex@^5.0.0 fetched in 351ms
160 silly resolveWithNewModule ansi-regex@5.0.0 checking installable status
161 http fetch GET 304 https://registry.npmjs.org/defaults 749ms (from cache)
162 silly pacote range manifest for defaults@^1.0.3 fetched in 766ms
163 silly resolveWithNewModule defaults@1.0.3 checking installable status
164 http fetch GET 304 https://registry.npmjs.org/clone 289ms (from cache)
165 silly pacote range manifest for clone@^1.0.2 fetched in 306ms
166 silly resolveWithNewModule clone@1.0.4 checking installable status
167 http fetch GET 200 https://registry.npmjs.org/@npmcli%2frun-script 351ms (from cache)
168 http fetch GET 200 https://registry.npmjs.org/mkdirp 335ms (from cache)
169 silly pacote range manifest for @npmcli/run-script@^1.3.0 fetched in 416ms
170 silly resolveWithNewModule @npmcli/run-script@1.8.1 checking installable status
171 silly pacote range manifest for mkdirp@^1.0.3 fetched in 384ms
172 silly resolveWithNewModule mkdirp@1.0.4 checking installable status
173 http fetch GET 304 https://registry.npmjs.org/cacache 953ms (from cache)
174 http fetch GET 304 https://registry.npmjs.org/@npmcli%2fgit 1020ms (from cache)
175 http fetch GET 304 https://registry.npmjs.org/@npmcli%2finstalled-package-contents 1052ms (from cache)
176 http fetch GET 304 https://registry.npmjs.org/@npmcli%2fpromise-spawn 1051ms (from cache)
177 silly pacote range manifest for cacache@^15.0.5 fetched in 1038ms
178 silly resolveWithNewModule cacache@15.0.5 checking installable status
179 http fetch GET 304 https://registry.npmjs.org/fs-minipass 1066ms (from cache)
180 http fetch GET 304 https://registry.npmjs.org/infer-owner 1053ms (from cache)
181 silly pacote range manifest for @npmcli/git@^2.0.1 fetched in 1118ms
182 silly resolveWithNewModule @npmcli/git@2.0.4 checking installable status
183 silly pacote range manifest for @npmcli/installed-package-contents@^1.0.5 fetched in 1315ms
184 silly resolveWithNewModule @npmcli/installed-package-contents@1.0.5 checking installable status
185 silly pacote range manifest for @npmcli/promise-spawn@^1.2.0 fetched in 1306ms
186 silly resolveWithNewModule @npmcli/promise-spawn@1.3.2 checking installable status
187 silly pacote range manifest for fs-minipass@^2.1.0 fetched in 1349ms
188 silly resolveWithNewModule fs-minipass@2.1.0 checking installable status
189 silly pacote range manifest for infer-owner@^1.0.4 fetched in 1338ms
190 silly resolveWithNewModule infer-owner@1.0.4 checking installable status
191 http fetch GET 304 https://registry.npmjs.org/npm-package-arg 1017ms (from cache)
192 silly pacote range manifest for npm-package-arg@^8.0.1 fetched in 1184ms
193 silly resolveWithNewModule npm-package-arg@8.1.0 checking installable status
194 http fetch GET 304 https://registry.npmjs.org/minipass 1884ms (from cache)
195 silly pacote range manifest for minipass@^3.1.3 fetched in 1951ms
196 silly resolveWithNewModule minipass@3.1.3 checking installable status
197 http fetch GET 304 https://registry.npmjs.org/npm-packlist 1602ms (from cache)
198 silly pacote range manifest for npm-packlist@^2.1.4 fetched in 1640ms
199 silly resolveWithNewModule npm-packlist@2.1.4 checking installable status
200 http fetch GET 304 https://registry.npmjs.org/npm-pick-manifest 1038ms (from cache)
201 http fetch GET 304 https://registry.npmjs.org/npm-registry-fetch 1046ms (from cache)
202 silly pacote range manifest for npm-pick-manifest@^6.0.0 fetched in 1119ms
203 silly resolveWithNewModule npm-pick-manifest@6.1.0 checking installable status
204 http fetch GET 304 https://registry.npmjs.org/read-package-json-fast 880ms (from cache)
205 http fetch GET 304 https://registry.npmjs.org/promise-retry 885ms (from cache)
206 silly pacote range manifest for npm-registry-fetch@^9.0.0 fetched in 1102ms
207 silly resolveWithNewModule npm-registry-fetch@9.0.0 checking installable status
208 silly pacote range manifest for read-package-json-fast@^1.1.3 fetched in 917ms
209 silly resolveWithNewModule read-package-json-fast@1.2.1 checking installable status
210 http fetch GET 304 https://registry.npmjs.org/rimraf 851ms (from cache)
211 silly pacote range manifest for promise-retry@^1.1.1 fetched in 936ms
212 silly resolveWithNewModule promise-retry@1.1.1 checking installable status
213 silly pacote range manifest for rimraf@^3.0.2 fetched in 932ms
214 silly resolveWithNewModule rimraf@3.0.2 checking installable status
215 http fetch GET 304 https://registry.npmjs.org/tar 686ms (from cache)
216 silly fetchPackageMetaData error for tar@^6.1.0 Unexpected end of JSON input while parsing near '... || 0.7 || 0.8"}},"0.'
217 http fetch GET 304 https://registry.npmjs.org/ssri 969ms (from cache)
218 silly pacote range manifest for ssri@^8.0.0 fetched in 1033ms
219 silly resolveWithNewModule ssri@8.0.0 checking installable status
220 http fetch GET 304 https://registry.npmjs.org/chownr 3238ms (from cache)
221 silly pacote range manifest for chownr@^2.0.0 fetched in 3253ms
222 silly resolveWithNewModule chownr@2.0.0 checking installable status
223 timing stage:rollbackFailedOptional Completed in 14ms
224 timing stage:runTopLevelLifecycles Completed in 37083ms
225 verbose stack SyntaxError: Unexpected end of JSON input while parsing near '... || 0.7 || 0.8"}},"0.'
225 verbose stack     at JSON.parse (<anonymous>)
225 verbose stack     at parseJson (/usr/local/lib/node_modules/npm/node_modules/json-parse-better-errors/index.js:7:17)
225 verbose stack     at /usr/local/lib/node_modules/npm/node_modules/node-fetch-npm/src/body.js:96:50
225 verbose stack     at runMicrotasks (<anonymous>)
225 verbose stack     at processTicksAndRejections (internal/process/task_queues.js:97:5)
226 verbose cwd /Users/mac/Desktop/nevi/nevi
227 verbose Darwin 17.7.0
228 verbose argv "/usr/local/bin/node" "/usr/local/bin/npm" "i" "-g" "@formspree/cli"
229 verbose node v12.18.1
230 verbose npm  v6.14.5
231 error Unexpected end of JSON input while parsing near '... || 0.7 || 0.8"}},"0.'
232 verbose exit [ 1, true ]
