0 info it worked if it ends with ok
1 verbose cli [
1 verbose cli   '/usr/local/bin/node',
1 verbose cli   '/usr/local/bin/npm',
1 verbose cli   'i',
1 verbose cli   '-g',
1 verbose cli   '@formspree/cli'
1 verbose cli ]
2 info using npm@6.14.5
3 info using node@v12.18.1
4 verbose npm-session 376b633dadc7ad0c
5 silly install loadCurrentTree
6 silly install readGlobalPackageData
7 http fetch GET 200 https://registry.npmjs.org/@formspree%2fcli 614ms (from cache)
8 silly pacote tag manifest for @formspree/cli@latest fetched in 1034ms
9 timing stage:loadCurrentTree Completed in 1649ms
10 silly install loadIdealTree
11 silly install cloneCurrentTreeToIdealTree
12 timing stage:loadIdealTree:cloneCurrentTree Completed in 12ms
13 silly install loadShrinkwrap
14 timing stage:loadIdealTree:loadShrinkwrap Completed in 135ms
15 silly install loadAllDepsIntoIdealTree
16 silly resolveWithNewModule @formspree/cli@0.9.6 checking installable status
17 http fetch GET 200 https://registry.npmjs.org/@formspree%2fdeploy 3974ms (from cache)
18 silly pacote range manifest for @formspree/deploy@^0.3.3 fetched in 4009ms
19 silly resolveWithNewModule @formspree/deploy@0.3.3 checking installable status
20 http fetch GET 304 https://registry.npmjs.org/yargs 6162ms (from cache)
21 silly pacote range manifest for yargs@^15.4.1 fetched in 6394ms
22 silly resolveWithNewModule yargs@15.4.1 checking installable status
23 http fetch GET 304 https://registry.npmjs.org/axios 6762ms (from cache)
24 silly pacote range manifest for axios@^0.21.1 fetched in 6975ms
25 silly resolveWithNewModule axios@0.21.1 checking installable status
26 http fetch GET 304 https://registry.npmjs.org/common-tags 6926ms (from cache)
27 http fetch GET 304 https://registry.npmjs.org/chalk 6975ms (from cache)
28 silly pacote range manifest for common-tags@^1.8.0 fetched in 7043ms
29 silly resolveWithNewModule common-tags@1.8.0 checking installable status
30 silly pacote range manifest for chalk@^2.4.2 fetched in 7096ms
31 silly resolveWithNewModule chalk@2.4.2 checking installable status
32 http fetch GET 304 https://registry.npmjs.org/dotenv 7044ms (from cache)
33 silly pacote range manifest for dotenv@^8.2.0 fetched in 7157ms
34 silly resolveWithNewModule dotenv@8.2.0 checking installable status
35 http fetch GET 304 https://registry.npmjs.org/execa 7549ms (from cache)
36 silly pacote range manifest for execa@^2.1.0 fetched in 7585ms
37 silly resolveWithNewModule execa@2.1.0 checking installable status
38 http fetch GET 304 https://registry.npmjs.org/ora 8344ms (from cache)
39 silly pacote range manifest for ora@^4.1.1 fetched in 8366ms
40 silly resolveWithNewModule ora@4.1.1 checking installable status
41 http fetch GET 304 https://registry.npmjs.org/pacote 9183ms (from cache)
42 silly pacote range manifest for pacote@^11.1.14 fetched in 9249ms
43 silly resolveWithNewModule pacote@11.2.3 checking installable status
44 http fetch GET 304 https://registry.npmjs.org/follow-redirects 554ms (from cache)
45 silly pacote range manifest for follow-redirects@^1.10.0 fetched in 588ms
46 silly resolveWithNewModule follow-redirects@1.13.1 checking installable status
47 http fetch GET 304 https://registry.npmjs.org/escape-string-regexp 635ms (from cache)
48 silly pacote range manifest for escape-string-regexp@^1.0.5 fetched in 720ms
49 silly resolveWithNewModule escape-string-regexp@1.0.5 checking installable status
50 http fetch GET 304 https://registry.npmjs.org/ansi-styles 785ms (from cache)
51 http fetch GET 304 https://registry.npmjs.org/supports-color 850ms (from cache)
52 silly pacote range manifest for ansi-styles@^3.2.1 fetched in 897ms
53 silly resolveWithNewModule ansi-styles@3.2.1 checking installable status
54 silly pacote range manifest for supports-color@^5.3.0 fetched in 887ms
55 silly resolveWithNewModule supports-color@5.5.0 checking installable status
56 http fetch GET 304 https://registry.npmjs.org/color-convert 404ms (from cache)
57 silly pacote range manifest for color-convert@^1.9.0 fetched in 451ms
58 silly resolveWithNewModule color-convert@1.9.3 checking installable status
59 http fetch GET 304 https://registry.npmjs.org/color-name 466ms (from cache)
60 silly pacote version manifest for color-name@1.1.3 fetched in 500ms
61 silly resolveWithNewModule color-name@1.1.3 checking installable status
62 http fetch GET 304 https://registry.npmjs.org/has-flag 1033ms (from cache)
63 silly pacote range manifest for has-flag@^3.0.0 fetched in 1051ms
64 silly resolveWithNewModule has-flag@3.0.0 checking installable status
65 http fetch GET 200 https://registry.npmjs.org/cross-spawn 552ms (from cache)
66 silly pacote range manifest for cross-spawn@^7.0.0 fetched in 601ms
67 silly resolveWithNewModule cross-spawn@7.0.3 checking installable status
68 http fetch GET 304 https://registry.npmjs.org/merge-stream 1683ms (from cache)
69 http fetch GET 304 https://registry.npmjs.org/is-stream 1704ms (from cache)
70 http fetch GET 304 https://registry.npmjs.org/onetime 1753ms (from cache)
71 http fetch GET 304 https://registry.npmjs.org/p-finally 1757ms (from cache)
72 http fetch GET 304 https://registry.npmjs.org/strip-final-newline 1765ms (from cache)
73 silly pacote range manifest for is-stream@^2.0.0 fetched in 1865ms
74 silly resolveWithNewModule is-stream@2.0.0 checking installable status
75 silly pacote range manifest for merge-stream@^2.0.0 fetched in 1853ms
76 silly resolveWithNewModule merge-stream@2.0.0 checking installable status
77 silly pacote range manifest for onetime@^5.1.0 fetched in 1886ms
78 silly resolveWithNewModule onetime@5.1.2 checking installable status
79 silly pacote range manifest for p-finally@^2.0.0 fetched in 1887ms
80 silly resolveWithNewModule p-finally@2.0.1 checking installable status
81 silly pacote range manifest for strip-final-newline@^2.0.0 fetched in 1901ms
82 silly resolveWithNewModule strip-final-newline@2.0.0 checking installable status
83 http fetch GET 304 https://registry.npmjs.org/npm-run-path 2103ms (from cache)
84 silly pacote range manifest for npm-run-path@^3.0.0 fetched in 2138ms
85 silly resolveWithNewModule npm-run-path@3.1.0 checking installable status
86 http fetch GET 304 https://registry.npmjs.org/signal-exit 2151ms (from cache)
87 silly pacote range manifest for signal-exit@^3.0.2 fetched in 2190ms
88 silly resolveWithNewModule signal-exit@3.0.3 checking installable status
89 http fetch GET 304 https://registry.npmjs.org/get-stream 4175ms (from cache)
90 silly pacote range manifest for get-stream@^5.0.0 fetched in 4222ms
91 silly resolveWithNewModule get-stream@5.2.0 checking installable status
92 http fetch GET 304 https://registry.npmjs.org/which 617ms (from cache)
93 silly pacote range manifest for which@^2.0.1 fetched in 684ms
94 silly resolveWithNewModule which@2.0.2 checking installable status
95 http fetch GET 304 https://registry.npmjs.org/path-key 717ms (from cache)
96 silly pacote range manifest for path-key@^3.1.0 fetched in 723ms
97 silly resolveWithNewModule path-key@3.1.1 checking installable status
98 http fetch GET 304 https://registry.npmjs.org/shebang-command 1165ms (from cache)
99 silly pacote range manifest for shebang-command@^2.0.0 fetched in 1182ms
100 silly resolveWithNewModule shebang-command@2.0.0 checking installable status
101 http fetch GET 304 https://registry.npmjs.org/shebang-regex 3974ms (from cache)
102 silly pacote range manifest for shebang-regex@^3.0.0 fetched in 3979ms
103 silly resolveWithNewModule shebang-regex@3.0.0 checking installable status
104 http fetch GET 304 https://registry.npmjs.org/isexe 517ms (from cache)
105 silly pacote range manifest for isexe@^2.0.0 fetched in 552ms
106 silly resolveWithNewModule isexe@2.0.0 checking installable status
107 http fetch GET 304 https://registry.npmjs.org/pump 396ms (from cache)
108 silly pacote range manifest for pump@^3.0.0 fetched in 415ms
109 silly resolveWithNewModule pump@3.0.0 checking installable status
110 http fetch GET 304 https://registry.npmjs.org/end-of-stream 383ms (from cache)
111 silly pacote range manifest for end-of-stream@^1.1.0 fetched in 391ms
112 silly resolveWithNewModule end-of-stream@1.4.4 checking installable status
113 http fetch GET 304 https://registry.npmjs.org/once 1136ms (from cache)
114 silly pacote range manifest for once@^1.3.1 fetched in 1154ms
115 silly resolveWithNewModule once@1.4.0 checking installable status
116 http fetch GET 304 https://registry.npmjs.org/wrappy 951ms (from cache)
117 silly pacote range manifest for wrappy@1 fetched in 1001ms
118 silly resolveWithNewModule wrappy@1.0.2 checking installable status
119 http fetch GET 304 https://registry.npmjs.org/mimic-fn 434ms (from cache)
120 silly pacote range manifest for mimic-fn@^2.1.0 fetched in 450ms
121 silly resolveWithNewModule mimic-fn@2.1.0 checking installable status
122 silly pacote range manifest for chalk@^3.0.0 fetched in 204ms
123 silly resolveWithNewModule chalk@3.0.0 checking installable status
124 http fetch GET 200 https://registry.npmjs.org/cli-cursor 383ms (from cache)
125 silly pacote range manifest for cli-cursor@^3.1.0 fetched in 399ms
126 silly resolveWithNewModule cli-cursor@3.1.0 checking installable status
127 http fetch GET 304 https://registry.npmjs.org/cli-spinners 569ms (from cache)
128 silly pacote range manifest for cli-spinners@^2.2.0 fetched in 616ms
129 silly resolveWithNewModule cli-spinners@2.5.0 checking installable status
130 http fetch GET 304 https://registry.npmjs.org/is-interactive 1167ms (from cache)
131 silly pacote range manifest for is-interactive@^1.0.0 fetched in 1234ms
132 silly resolveWithNewModule is-interactive@1.0.0 checking installable status
133 http fetch GET 304 https://registry.npmjs.org/wcwidth 1202ms (from cache)
134 silly pacote range manifest for wcwidth@^1.0.1 fetched in 1336ms
135 silly resolveWithNewModule wcwidth@1.0.1 checking installable status
136 http fetch GET 304 https://registry.npmjs.org/strip-ansi 1536ms (from cache)
137 http fetch GET 304 https://registry.npmjs.org/mute-stream 1571ms (from cache)
138 silly pacote range manifest for strip-ansi@^6.0.0 fetched in 1585ms
139 silly resolveWithNewModule strip-ansi@6.0.0 checking installable status
140 silly pacote version manifest for mute-stream@0.0.8 fetched in 1635ms
141 silly resolveWithNewModule mute-stream@0.0.8 checking installable status
142 http fetch GET 304 https://registry.npmjs.org/log-symbols 4829ms (from cache)
143 silly pacote range manifest for log-symbols@^3.0.0 fetched in 4859ms
144 silly resolveWithNewModule log-symbols@3.0.0 checking installable status
145 silly pacote range manifest for ansi-styles@^4.1.0 fetched in 35ms
146 silly resolveWithNewModule ansi-styles@4.3.0 checking installable status
147 silly pacote range manifest for supports-color@^7.1.0 fetched in 51ms
148 silly resolveWithNewModule supports-color@7.2.0 checking installable status
149 silly pacote range manifest for color-convert@^2.0.1 fetched in 18ms
150 silly resolveWithNewModule color-convert@2.0.1 checking installable status
151 silly pacote range manifest for color-name@~1.1.4 fetched in 17ms
152 silly resolveWithNewModule color-name@1.1.4 checking installable status
153 silly pacote range manifest for has-flag@^4.0.0 fetched in 29ms
154 silly resolveWithNewModule has-flag@4.0.0 checking installable status
155 http fetch GET 304 https://registry.npmjs.org/restore-cursor 1202ms (from cache)
156 silly pacote range manifest for restore-cursor@^3.1.0 fetched in 1220ms
157 silly resolveWithNewModule restore-cursor@3.1.0 checking installable status
158 http fetch GET 304 https://registry.npmjs.org/ansi-regex 363ms (from cache)
159 silly pacote range manifest for ansi-regex@^5.0.0 fetched in 367ms
160 silly resolveWithNewModule ansi-regex@5.0.0 checking installable status
161 http fetch GET 304 https://registry.npmjs.org/defaults 415ms (from cache)
162 silly pacote range manifest for defaults@^1.0.3 fetched in 420ms
163 silly resolveWithNewModule defaults@1.0.3 checking installable status
164 http fetch GET 304 https://registry.npmjs.org/clone 4308ms (from cache)
165 silly pacote range manifest for clone@^1.0.2 fetched in 4325ms
166 silly resolveWithNewModule clone@1.0.4 checking installable status
167 http fetch GET 200 https://registry.npmjs.org/@npmcli%2fpromise-spawn 517ms (from cache)
168 http fetch GET 200 https://registry.npmjs.org/cacache 504ms (from cache)
169 http fetch GET 200 https://registry.npmjs.org/mkdirp 520ms (from cache)
170 silly pacote range manifest for cacache@^15.0.5 fetched in 817ms
171 silly resolveWithNewModule cacache@15.0.5 checking installable status
172 silly pacote range manifest for @npmcli/promise-spawn@^1.2.0 fetched in 837ms
173 silly resolveWithNewModule @npmcli/promise-spawn@1.3.2 checking installable status
174 silly pacote range manifest for mkdirp@^1.0.3 fetched in 900ms
175 silly resolveWithNewModule mkdirp@1.0.4 checking installable status
176 http fetch GET 304 https://registry.npmjs.org/chownr 1751ms (from cache)
177 http fetch GET 304 https://registry.npmjs.org/fs-minipass 1755ms (from cache)
178 http fetch GET 304 https://registry.npmjs.org/minipass 1770ms (from cache)
179 http fetch GET 304 https://registry.npmjs.org/@npmcli%2finstalled-package-contents 1837ms (from cache)
180 http fetch GET 304 https://registry.npmjs.org/infer-owner 1787ms (from cache)
181 silly pacote range manifest for chownr@^2.0.0 fetched in 1820ms
182 silly resolveWithNewModule chownr@2.0.0 checking installable status
183 silly pacote range manifest for fs-minipass@^2.1.0 fetched in 1887ms
184 silly resolveWithNewModule fs-minipass@2.1.0 checking installable status
185 silly pacote range manifest for @npmcli/installed-package-contents@^1.0.5 fetched in 1987ms
186 silly resolveWithNewModule @npmcli/installed-package-contents@1.0.5 checking installable status
187 silly pacote range manifest for infer-owner@^1.0.4 fetched in 1940ms
188 silly resolveWithNewModule infer-owner@1.0.4 checking installable status
189 silly pacote range manifest for minipass@^3.1.3 fetched in 1951ms
190 silly resolveWithNewModule minipass@3.1.3 checking installable status
191 http fetch GET 304 https://registry.npmjs.org/@npmcli%2fgit 2254ms (from cache)
192 http fetch GET 304 https://registry.npmjs.org/@npmcli%2frun-script 2317ms (from cache)
193 http fetch GET 304 https://registry.npmjs.org/npm-package-arg 1468ms (from cache)
194 http fetch GET 304 https://registry.npmjs.org/npm-pick-manifest 1420ms (from cache)
195 silly pacote range manifest for @npmcli/git@^2.0.1 fetched in 2420ms
196 silly resolveWithNewModule @npmcli/git@2.0.4 checking installable status
197 silly pacote range manifest for @npmcli/run-script@^1.3.0 fetched in 2435ms
198 silly resolveWithNewModule @npmcli/run-script@1.8.1 checking installable status
199 silly pacote range manifest for npm-package-arg@^8.0.1 fetched in 1585ms
200 silly resolveWithNewModule npm-package-arg@8.1.0 checking installable status
201 silly pacote range manifest for npm-pick-manifest@^6.0.0 fetched in 1489ms
202 silly resolveWithNewModule npm-pick-manifest@6.1.0 checking installable status
203 http fetch GET 304 https://registry.npmjs.org/npm-packlist 1687ms (from cache)
204 silly pacote range manifest for npm-packlist@^2.1.4 fetched in 1706ms
205 silly resolveWithNewModule npm-packlist@2.1.4 checking installable status
206 http fetch GET 304 https://registry.npmjs.org/promise-retry 1715ms (from cache)
207 http fetch GET 304 https://registry.npmjs.org/rimraf 1654ms (from cache)
208 silly pacote range manifest for promise-retry@^1.1.1 fetched in 1770ms
209 silly resolveWithNewModule promise-retry@1.1.1 checking installable status
210 silly pacote range manifest for rimraf@^3.0.2 fetched in 1740ms
211 silly resolveWithNewModule rimraf@3.0.2 checking installable status
212 http fetch GET 304 https://registry.npmjs.org/npm-registry-fetch 1983ms (from cache)
213 http fetch GET 304 https://registry.npmjs.org/read-package-json-fast 1885ms (from cache)
214 silly pacote range manifest for npm-registry-fetch@^9.0.0 fetched in 2066ms
215 silly resolveWithNewModule npm-registry-fetch@9.0.0 checking installable status
216 silly pacote range manifest for read-package-json-fast@^1.1.3 fetched in 1920ms
217 silly resolveWithNewModule read-package-json-fast@1.2.1 checking installable status
218 http fetch GET 304 https://registry.npmjs.org/tar 1739ms (from cache)
219 silly fetchPackageMetaData error for tar@^6.1.0 Unexpected end of JSON input while parsing near '... || 0.7 || 0.8"}},"0.'
220 http fetch GET 304 https://registry.npmjs.org/ssri 8248ms (from cache)
221 silly pacote range manifest for ssri@^8.0.0 fetched in 8264ms
222 silly resolveWithNewModule ssri@8.0.0 checking installable status
223 timing stage:rollbackFailedOptional Completed in 13ms
224 timing stage:runTopLevelLifecycles Completed in 50840ms
225 verbose stack SyntaxError: Unexpected end of JSON input while parsing near '... || 0.7 || 0.8"}},"0.'
225 verbose stack     at JSON.parse (<anonymous>)
225 verbose stack     at parseJson (/usr/local/lib/node_modules/npm/node_modules/json-parse-better-errors/index.js:7:17)
225 verbose stack     at /usr/local/lib/node_modules/npm/node_modules/node-fetch-npm/src/body.js:96:50
225 verbose stack     at runMicrotasks (<anonymous>)
225 verbose stack     at processTicksAndRejections (internal/process/task_queues.js:97:5)
226 verbose cwd /Users/mac/Desktop/nevi/nevi
227 verbose Darwin 17.7.0
228 verbose argv "/usr/local/bin/node" "/usr/local/bin/npm" "i" "-g" "@formspree/cli"
229 verbose node v12.18.1
230 verbose npm  v6.14.5
231 error Unexpected end of JSON input while parsing near '... || 0.7 || 0.8"}},"0.'
232 verbose exit [ 1, true ]
