0 info it worked if it ends with ok
1 verbose cli [
1 verbose cli   '/usr/local/bin/node',
1 verbose cli   '/usr/local/bin/npm',
1 verbose cli   'i',
1 verbose cli   '-g',
1 verbose cli   '@formspree/cliformspree',
1 verbose cli   'init'
1 verbose cli ]
2 info using npm@6.14.5
3 info using node@v12.18.1
4 verbose npm-session 7838a08a04c06cd8
5 silly install loadCurrentTree
6 silly install readGlobalPackageData
7 http fetch GET 304 https://registry.npmjs.org/init 1902ms (from cache)
8 silly pacote tag manifest for init@latest fetched in 1972ms
9 http fetch GET 404 https://registry.npmjs.org/@formspree%2fcliformspree 3171ms
10 http fetch GET 404 https://registry.npmjs.org/@formspree%2fcliformspree 1352ms
11 silly fetchPackageMetaData error for @formspree/cliformspree@latest 404 Not Found - GET https://registry.npmjs.org/@formspree%2fcliformspree - Not found
12 timing stage:rollbackFailedOptional Completed in 16ms
13 timing stage:runTopLevelLifecycles Completed in 5072ms
14 verbose stack Error: 404 Not Found - GET https://registry.npmjs.org/@formspree%2fcliformspree - Not found
14 verbose stack     at /usr/local/lib/node_modules/npm/node_modules/npm-registry-fetch/check-response.js:104:15
14 verbose stack     at processTicksAndRejections (internal/process/task_queues.js:97:5)
15 verbose statusCode 404
16 verbose pkgid @formspree/cliformspree@latest
17 verbose cwd /Users/mac/Desktop/nevi/nevi
18 verbose Darwin 17.7.0
19 verbose argv "/usr/local/bin/node" "/usr/local/bin/npm" "i" "-g" "@formspree/cliformspree" "init"
20 verbose node v12.18.1
21 verbose npm  v6.14.5
22 error code E404
23 error 404 Not Found - GET https://registry.npmjs.org/@formspree%2fcliformspree - Not found
24 error 404
25 error 404 '@formspree/cliformspree@latest' is not in the npm registry.
26 error 404 You should bug the author to publish it (or use the name yourself!)
27 error 404 Note that you can also install from a
28 error 404 tarball, folder, http url, or git url.
29 verbose exit [ 1, true ]
