0 info it worked if it ends with ok
1 verbose cli [
1 verbose cli   '/usr/local/bin/node',
1 verbose cli   '/usr/local/bin/npm',
1 verbose cli   'i',
1 verbose cli   '-g',
1 verbose cli   '@formspree/cli'
1 verbose cli ]
2 info using npm@6.14.5
3 info using node@v12.18.1
4 verbose npm-session 0d4e888eadfd1143
5 silly install loadCurrentTree
6 silly install readGlobalPackageData
7 http fetch GET 200 https://registry.npmjs.org/@formspree%2fcli 221ms (from cache)
8 silly pacote tag manifest for @formspree/cli@latest fetched in 422ms
9 timing stage:loadCurrentTree Completed in 719ms
10 silly install loadIdealTree
11 silly install cloneCurrentTreeToIdealTree
12 timing stage:loadIdealTree:cloneCurrentTree Completed in 14ms
13 silly install loadShrinkwrap
14 timing stage:loadIdealTree:loadShrinkwrap Completed in 31ms
15 silly install loadAllDepsIntoIdealTree
16 silly resolveWithNewModule @formspree/cli@0.9.6 checking installable status
17 http fetch GET 200 https://registry.npmjs.org/@formspree%2fdeploy 1000ms (from cache)
18 http fetch GET 200 https://registry.npmjs.org/pacote 919ms (from cache)
19 silly pacote range manifest for @formspree/deploy@^0.3.3 fetched in 1152ms
20 silly resolveWithNewModule @formspree/deploy@0.3.3 checking installable status
21 silly pacote range manifest for pacote@^11.1.14 fetched in 1085ms
22 silly resolveWithNewModule pacote@11.2.3 checking installable status
23 http fetch GET 304 https://registry.npmjs.org/axios 2890ms (from cache)
24 http fetch GET 304 https://registry.npmjs.org/chalk 2954ms (from cache)
25 http fetch GET 304 https://registry.npmjs.org/yargs 2906ms (from cache)
26 silly pacote range manifest for axios@^0.21.1 fetched in 3125ms
27 silly resolveWithNewModule axios@0.21.1 checking installable status
28 silly pacote range manifest for chalk@^2.4.2 fetched in 3124ms
29 silly resolveWithNewModule chalk@2.4.2 checking installable status
30 silly pacote range manifest for yargs@^15.4.1 fetched in 3057ms
31 silly resolveWithNewModule yargs@15.4.1 checking installable status
32 http fetch GET 304 https://registry.npmjs.org/ora 3672ms (from cache)
33 silly pacote range manifest for ora@^4.1.1 fetched in 3704ms
34 silly resolveWithNewModule ora@4.1.1 checking installable status
35 http fetch GET 304 https://registry.npmjs.org/execa 4289ms (from cache)
36 silly pacote range manifest for execa@^2.1.0 fetched in 4324ms
37 silly resolveWithNewModule execa@2.1.0 checking installable status
38 http fetch GET 304 https://registry.npmjs.org/dotenv 7965ms (from cache)
39 silly pacote range manifest for dotenv@^8.2.0 fetched in 7995ms
40 silly resolveWithNewModule dotenv@8.2.0 checking installable status
41 http fetch GET 304 https://registry.npmjs.org/common-tags 8146ms (from cache)
42 silly pacote range manifest for common-tags@^1.8.0 fetched in 8166ms
43 silly resolveWithNewModule common-tags@1.8.0 checking installable status
44 http fetch GET 304 https://registry.npmjs.org/follow-redirects 417ms (from cache)
45 silly pacote range manifest for follow-redirects@^1.10.0 fetched in 467ms
46 silly resolveWithNewModule follow-redirects@1.13.1 checking installable status
47 http fetch GET 304 https://registry.npmjs.org/ansi-styles 684ms (from cache)
48 http fetch GET 304 https://registry.npmjs.org/escape-string-regexp 685ms (from cache)
49 silly pacote range manifest for ansi-styles@^3.2.1 fetched in 736ms
50 silly resolveWithNewModule ansi-styles@3.2.1 checking installable status
51 silly pacote range manifest for escape-string-regexp@^1.0.5 fetched in 749ms
52 silly resolveWithNewModule escape-string-regexp@1.0.5 checking installable status
53 http fetch GET 304 https://registry.npmjs.org/supports-color 752ms (from cache)
54 silly pacote range manifest for supports-color@^5.3.0 fetched in 785ms
55 silly resolveWithNewModule supports-color@5.5.0 checking installable status
56 http fetch GET 304 https://registry.npmjs.org/color-convert 514ms (from cache)
57 silly pacote range manifest for color-convert@^1.9.0 fetched in 535ms
58 silly resolveWithNewModule color-convert@1.9.3 checking installable status
59 http fetch GET 304 https://registry.npmjs.org/color-name 449ms (from cache)
60 silly pacote version manifest for color-name@1.1.3 fetched in 469ms
61 silly resolveWithNewModule color-name@1.1.3 checking installable status
62 http fetch GET 304 https://registry.npmjs.org/has-flag 455ms (from cache)
63 silly pacote range manifest for has-flag@^3.0.0 fetched in 496ms
64 silly resolveWithNewModule has-flag@3.0.0 checking installable status
65 http fetch GET 200 https://registry.npmjs.org/cross-spawn 621ms (from cache)
66 silly pacote range manifest for cross-spawn@^7.0.0 fetched in 671ms
67 silly resolveWithNewModule cross-spawn@7.0.3 checking installable status
68 http fetch GET 304 https://registry.npmjs.org/merge-stream 2006ms (from cache)
69 http fetch GET 304 https://registry.npmjs.org/onetime 2037ms (from cache)
70 http fetch GET 304 https://registry.npmjs.org/is-stream 2058ms (from cache)
71 silly pacote range manifest for merge-stream@^2.0.0 fetched in 3006ms
72 silly resolveWithNewModule merge-stream@2.0.0 checking installable status
73 http fetch GET 304 https://registry.npmjs.org/get-stream 3037ms (from cache)
74 http fetch GET 304 https://registry.npmjs.org/npm-run-path 3069ms (from cache)
75 silly pacote range manifest for onetime@^5.1.0 fetched in 3059ms
76 silly resolveWithNewModule onetime@5.1.2 checking installable status
77 silly pacote range manifest for is-stream@^2.0.0 fetched in 3122ms
78 silly resolveWithNewModule is-stream@2.0.0 checking installable status
79 http fetch GET 304 https://registry.npmjs.org/p-finally 3155ms (from cache)
80 http fetch GET 304 https://registry.npmjs.org/signal-exit 3175ms (from cache)
81 silly pacote range manifest for get-stream@^5.0.0 fetched in 3325ms
82 silly resolveWithNewModule get-stream@5.2.0 checking installable status
83 silly pacote range manifest for npm-run-path@^3.0.0 fetched in 3370ms
84 silly resolveWithNewModule npm-run-path@3.1.0 checking installable status
85 silly pacote range manifest for p-finally@^2.0.0 fetched in 3391ms
86 silly resolveWithNewModule p-finally@2.0.1 checking installable status
87 silly pacote range manifest for signal-exit@^3.0.2 fetched in 3411ms
88 silly resolveWithNewModule signal-exit@3.0.3 checking installable status
89 http fetch GET 304 https://registry.npmjs.org/strip-final-newline 3458ms (from cache)
90 silly pacote range manifest for strip-final-newline@^2.0.0 fetched in 3526ms
91 silly resolveWithNewModule strip-final-newline@2.0.0 checking installable status
92 http fetch GET 304 https://registry.npmjs.org/path-key 1335ms (from cache)
93 http fetch GET 304 https://registry.npmjs.org/shebang-command 1322ms (from cache)
94 http fetch GET 304 https://registry.npmjs.org/which 1335ms (from cache)
95 silly pacote range manifest for path-key@^3.1.0 fetched in 1388ms
96 silly resolveWithNewModule path-key@3.1.1 checking installable status
97 silly pacote range manifest for shebang-command@^2.0.0 fetched in 1416ms
98 silly resolveWithNewModule shebang-command@2.0.0 checking installable status
99 silly pacote range manifest for which@^2.0.1 fetched in 1403ms
100 silly resolveWithNewModule which@2.0.2 checking installable status
101 http fetch GET 304 https://registry.npmjs.org/shebang-regex 1487ms (from cache)
102 silly pacote range manifest for shebang-regex@^3.0.0 fetched in 1539ms
103 silly resolveWithNewModule shebang-regex@3.0.0 checking installable status
104 http fetch GET 304 https://registry.npmjs.org/isexe 971ms (from cache)
105 silly pacote range manifest for isexe@^2.0.0 fetched in 1049ms
106 silly resolveWithNewModule isexe@2.0.0 checking installable status
107 http fetch GET 304 https://registry.npmjs.org/pump 705ms (from cache)
108 silly pacote range manifest for pump@^3.0.0 fetched in 751ms
109 silly resolveWithNewModule pump@3.0.0 checking installable status
110 http fetch GET 304 https://registry.npmjs.org/once 1034ms (from cache)
111 http fetch GET 304 https://registry.npmjs.org/end-of-stream 1352ms (from cache)
112 silly pacote range manifest for once@^1.3.1 fetched in 1385ms
113 silly resolveWithNewModule once@1.4.0 checking installable status
114 silly pacote range manifest for end-of-stream@^1.1.0 fetched in 1419ms
115 silly resolveWithNewModule end-of-stream@1.4.4 checking installable status
116 http fetch GET 304 https://registry.npmjs.org/wrappy 519ms (from cache)
117 silly pacote range manifest for wrappy@1 fetched in 555ms
118 silly resolveWithNewModule wrappy@1.0.2 checking installable status
119 http fetch GET 304 https://registry.npmjs.org/mimic-fn 552ms (from cache)
120 silly pacote range manifest for mimic-fn@^2.1.0 fetched in 615ms
121 silly resolveWithNewModule mimic-fn@2.1.0 checking installable status
122 silly pacote range manifest for chalk@^3.0.0 fetched in 300ms
123 silly resolveWithNewModule chalk@3.0.0 checking installable status
124 http fetch GET 304 https://registry.npmjs.org/is-interactive 1084ms (from cache)
125 http fetch GET 304 https://registry.npmjs.org/cli-cursor 1181ms (from cache)
126 silly pacote range manifest for is-interactive@^1.0.0 fetched in 1168ms
127 silly resolveWithNewModule is-interactive@1.0.0 checking installable status
128 http fetch GET 304 https://registry.npmjs.org/wcwidth 1202ms (from cache)
129 http fetch GET 304 https://registry.npmjs.org/mute-stream 1218ms (from cache)
130 http fetch GET 304 https://registry.npmjs.org/strip-ansi 1316ms (from cache)
131 silly pacote range manifest for cli-cursor@^3.1.0 fetched in 1399ms
132 silly resolveWithNewModule cli-cursor@3.1.0 checking installable status
133 silly pacote range manifest for wcwidth@^1.0.1 fetched in 1352ms
134 silly resolveWithNewModule wcwidth@1.0.1 checking installable status
135 silly pacote version manifest for mute-stream@0.0.8 fetched in 1371ms
136 silly resolveWithNewModule mute-stream@0.0.8 checking installable status
137 silly pacote range manifest for strip-ansi@^6.0.0 fetched in 1372ms
138 silly resolveWithNewModule strip-ansi@6.0.0 checking installable status
139 http fetch GET 304 https://registry.npmjs.org/cli-spinners 1522ms (from cache)
140 silly pacote range manifest for cli-spinners@^2.2.0 fetched in 1555ms
141 silly resolveWithNewModule cli-spinners@2.5.0 checking installable status
142 http fetch GET 304 https://registry.npmjs.org/log-symbols 2052ms (from cache)
143 silly pacote range manifest for log-symbols@^3.0.0 fetched in 2072ms
144 silly resolveWithNewModule log-symbols@3.0.0 checking installable status
145 silly pacote range manifest for ansi-styles@^4.1.0 fetched in 48ms
146 silly resolveWithNewModule ansi-styles@4.3.0 checking installable status
147 silly pacote range manifest for supports-color@^7.1.0 fetched in 51ms
148 silly resolveWithNewModule supports-color@7.2.0 checking installable status
149 silly pacote range manifest for color-convert@^2.0.1 fetched in 31ms
150 silly resolveWithNewModule color-convert@2.0.1 checking installable status
151 silly pacote range manifest for color-name@~1.1.4 fetched in 32ms
152 silly resolveWithNewModule color-name@1.1.4 checking installable status
153 silly pacote range manifest for has-flag@^4.0.0 fetched in 32ms
154 silly resolveWithNewModule has-flag@4.0.0 checking installable status
155 http fetch GET 304 https://registry.npmjs.org/restore-cursor 1419ms (from cache)
156 silly pacote range manifest for restore-cursor@^3.1.0 fetched in 1972ms
157 silly resolveWithNewModule restore-cursor@3.1.0 checking installable status
158 http fetch GET 304 https://registry.npmjs.org/ansi-regex 1737ms (from cache)
159 silly pacote range manifest for ansi-regex@^5.0.0 fetched in 1754ms
160 silly resolveWithNewModule ansi-regex@5.0.0 checking installable status
161 http fetch GET 304 https://registry.npmjs.org/defaults 855ms (from cache)
162 silly pacote range manifest for defaults@^1.0.3 fetched in 886ms
163 silly resolveWithNewModule defaults@1.0.3 checking installable status
164 http fetch GET 304 https://registry.npmjs.org/clone 536ms (from cache)
165 silly pacote range manifest for clone@^1.0.2 fetched in 566ms
166 silly resolveWithNewModule clone@1.0.4 checking installable status
167 http fetch GET 200 https://registry.npmjs.org/cacache 531ms (from cache)
168 silly pacote range manifest for cacache@^15.0.5 fetched in 585ms
169 silly resolveWithNewModule cacache@15.0.5 checking installable status
170 http fetch GET 304 https://registry.npmjs.org/fs-minipass 1655ms (from cache)
171 silly pacote range manifest for fs-minipass@^2.1.0 fetched in 1787ms
172 silly resolveWithNewModule fs-minipass@2.1.0 checking installable status
173 http fetch GET 304 https://registry.npmjs.org/@npmcli%2fpromise-spawn 1952ms (from cache)
174 http fetch GET 304 https://registry.npmjs.org/@npmcli%2finstalled-package-contents 1956ms (from cache)
175 http fetch GET 304 https://registry.npmjs.org/@npmcli%2fgit 1971ms (from cache)
176 http fetch GET 304 https://registry.npmjs.org/infer-owner 1936ms (from cache)
177 http fetch GET 304 https://registry.npmjs.org/@npmcli%2frun-script 1972ms (from cache)
178 silly pacote range manifest for @npmcli/promise-spawn@^1.2.0 fetched in 2067ms
179 silly resolveWithNewModule @npmcli/promise-spawn@1.3.2 checking installable status
180 silly pacote range manifest for @npmcli/installed-package-contents@^1.0.5 fetched in 2072ms
181 silly resolveWithNewModule @npmcli/installed-package-contents@1.0.5 checking installable status
182 silly pacote range manifest for @npmcli/git@^2.0.1 fetched in 2092ms
183 silly resolveWithNewModule @npmcli/git@2.0.4 checking installable status
184 silly pacote range manifest for infer-owner@^1.0.4 fetched in 2103ms
185 silly resolveWithNewModule infer-owner@1.0.4 checking installable status
186 silly pacote range manifest for @npmcli/run-script@^1.3.0 fetched in 2137ms
187 silly resolveWithNewModule @npmcli/run-script@1.8.1 checking installable status
188 http fetch GET 304 https://registry.npmjs.org/npm-package-arg 1602ms (from cache)
189 http fetch GET 304 https://registry.npmjs.org/chownr 2289ms (from cache)
190 http fetch GET 304 https://registry.npmjs.org/minipass 2526ms (from cache)
191 silly pacote range manifest for npm-package-arg@^8.0.1 fetched in 1988ms
192 silly resolveWithNewModule npm-package-arg@8.1.0 checking installable status
193 silly pacote range manifest for chownr@^2.0.0 fetched in 2668ms
194 silly resolveWithNewModule chownr@2.0.0 checking installable status
195 silly pacote range manifest for minipass@^3.1.3 fetched in 2705ms
196 silly resolveWithNewModule minipass@3.1.3 checking installable status
197 http fetch GET 304 https://registry.npmjs.org/npm-packlist 1319ms (from cache)
198 http fetch GET 304 https://registry.npmjs.org/read-package-json-fast 1049ms (from cache)
199 http fetch GET 304 https://registry.npmjs.org/npm-registry-fetch 1070ms (from cache)
200 http fetch GET 304 https://registry.npmjs.org/promise-retry 1084ms (from cache)
201 http fetch GET 304 https://registry.npmjs.org/npm-pick-manifest 1108ms (from cache)
202 http fetch GET 304 https://registry.npmjs.org/rimraf 1118ms (from cache)
203 silly pacote range manifest for npm-packlist@^2.1.4 fetched in 1463ms
204 silly resolveWithNewModule npm-packlist@2.1.4 checking installable status
205 silly pacote range manifest for read-package-json-fast@^1.1.3 fetched in 1149ms
206 silly resolveWithNewModule read-package-json-fast@1.2.1 checking installable status
207 silly pacote range manifest for npm-registry-fetch@^9.0.0 fetched in 1155ms
208 silly resolveWithNewModule npm-registry-fetch@9.0.0 checking installable status
209 silly pacote range manifest for promise-retry@^1.1.1 fetched in 1184ms
210 silly resolveWithNewModule promise-retry@1.1.1 checking installable status
211 silly pacote range manifest for npm-pick-manifest@^6.0.0 fetched in 1202ms
212 silly resolveWithNewModule npm-pick-manifest@6.1.0 checking installable status
213 silly pacote range manifest for rimraf@^3.0.2 fetched in 1216ms
214 silly resolveWithNewModule rimraf@3.0.2 checking installable status
215 http fetch GET 304 https://registry.npmjs.org/tar 722ms (from cache)
216 silly fetchPackageMetaData error for tar@^6.1.0 Unexpected end of JSON input while parsing near '... || 0.7 || 0.8"}},"0.'
217 http fetch GET 304 https://registry.npmjs.org/ssri 1049ms (from cache)
218 silly pacote range manifest for ssri@^8.0.0 fetched in 1055ms
219 silly resolveWithNewModule ssri@8.0.0 checking installable status
220 http fetch GET 304 https://registry.npmjs.org/mkdirp 4357ms (from cache)
221 silly pacote range manifest for mkdirp@^1.0.3 fetched in 4389ms
222 silly resolveWithNewModule mkdirp@1.0.4 checking installable status
223 timing stage:rollbackFailedOptional Completed in 14ms
224 timing stage:runTopLevelLifecycles Completed in 36315ms
225 verbose stack SyntaxError: Unexpected end of JSON input while parsing near '... || 0.7 || 0.8"}},"0.'
225 verbose stack     at JSON.parse (<anonymous>)
225 verbose stack     at parseJson (/usr/local/lib/node_modules/npm/node_modules/json-parse-better-errors/index.js:7:17)
225 verbose stack     at /usr/local/lib/node_modules/npm/node_modules/node-fetch-npm/src/body.js:96:50
225 verbose stack     at runMicrotasks (<anonymous>)
225 verbose stack     at processTicksAndRejections (internal/process/task_queues.js:97:5)
226 verbose cwd /Users/mac/Desktop/nevi/nevi
227 verbose Darwin 17.7.0
228 verbose argv "/usr/local/bin/node" "/usr/local/bin/npm" "i" "-g" "@formspree/cli"
229 verbose node v12.18.1
230 verbose npm  v6.14.5
231 error Unexpected end of JSON input while parsing near '... || 0.7 || 0.8"}},"0.'
232 verbose exit [ 1, true ]
