0 info it worked if it ends with ok
1 verbose cli [
1 verbose cli   '/usr/local/bin/node',
1 verbose cli   '/usr/local/bin/npm',
1 verbose cli   'i',
1 verbose cli   '-g',
1 verbose cli   '@formspree/cli'
1 verbose cli ]
2 info using npm@6.14.5
3 info using node@v12.18.1
4 verbose npm-session d1e0dc94f745b598
5 silly install loadCurrentTree
6 silly install readGlobalPackageData
7 http fetch GET 304 https://registry.npmjs.org/@formspree%2fcli 6797ms (from cache)
8 silly pacote tag manifest for @formspree/cli@latest fetched in 7093ms
9 timing stage:loadCurrentTree Completed in 7679ms
10 silly install loadIdealTree
11 silly install cloneCurrentTreeToIdealTree
12 timing stage:loadIdealTree:cloneCurrentTree Completed in 1ms
13 silly install loadShrinkwrap
14 timing stage:loadIdealTree:loadShrinkwrap Completed in 48ms
15 silly install loadAllDepsIntoIdealTree
16 silly resolveWithNewModule @formspree/cli@0.9.6 checking installable status
17 http fetch GET 304 https://registry.npmjs.org/@formspree%2fdeploy 1455ms (from cache)
18 silly pacote range manifest for @formspree/deploy@^0.3.3 fetched in 1684ms
19 silly resolveWithNewModule @formspree/deploy@0.3.3 checking installable status
20 http fetch GET 304 https://registry.npmjs.org/chalk 3036ms (from cache)
21 http fetch GET 304 https://registry.npmjs.org/ora 2906ms (from cache)
22 http fetch GET 304 https://registry.npmjs.org/common-tags 3088ms (from cache)
23 http fetch GET 304 https://registry.npmjs.org/dotenv 3138ms (from cache)
24 http fetch GET 304 https://registry.npmjs.org/pacote 2957ms (from cache)
25 silly pacote range manifest for chalk@^2.4.2 fetched in 3339ms
26 silly resolveWithNewModule chalk@2.4.2 checking installable status
27 silly pacote range manifest for ora@^4.1.1 fetched in 3202ms
28 silly resolveWithNewModule ora@4.1.1 checking installable status
29 silly pacote range manifest for common-tags@^1.8.0 fetched in 3355ms
30 silly resolveWithNewModule common-tags@1.8.0 checking installable status
31 silly pacote range manifest for dotenv@^8.2.0 fetched in 3359ms
32 silly resolveWithNewModule dotenv@8.2.0 checking installable status
33 silly pacote range manifest for pacote@^11.1.14 fetched in 3158ms
34 silly resolveWithNewModule pacote@11.2.2 checking installable status
35 http fetch GET 304 https://registry.npmjs.org/execa 3320ms (from cache)
36 http fetch GET 304 https://registry.npmjs.org/axios 3503ms (from cache)
37 silly pacote range manifest for axios@^0.21.1 fetched in 3575ms
38 silly resolveWithNewModule axios@0.21.1 checking installable status
39 silly pacote range manifest for execa@^2.1.0 fetched in 3454ms
40 silly resolveWithNewModule execa@2.1.0 checking installable status
41 http fetch GET 304 https://registry.npmjs.org/yargs 6880ms (from cache)
42 silly pacote range manifest for yargs@^15.4.1 fetched in 6968ms
43 silly resolveWithNewModule yargs@15.4.1 checking installable status
44 http fetch GET 304 https://registry.npmjs.org/follow-redirects 1971ms (from cache)
45 silly pacote range manifest for follow-redirects@^1.10.0 fetched in 2002ms
46 silly resolveWithNewModule follow-redirects@1.13.1 checking installable status
47 http fetch GET 304 https://registry.npmjs.org/ansi-styles 469ms (from cache)
48 silly pacote range manifest for ansi-styles@^3.2.1 fetched in 517ms
49 silly resolveWithNewModule ansi-styles@3.2.1 checking installable status
50 http fetch GET 304 https://registry.npmjs.org/supports-color 504ms (from cache)
51 silly pacote range manifest for supports-color@^5.3.0 fetched in 551ms
52 silly resolveWithNewModule supports-color@5.5.0 checking installable status
53 http fetch GET 304 https://registry.npmjs.org/escape-string-regexp 865ms (from cache)
54 silly pacote range manifest for escape-string-regexp@^1.0.5 fetched in 899ms
55 silly resolveWithNewModule escape-string-regexp@1.0.5 checking installable status
56 http fetch GET 304 https://registry.npmjs.org/color-convert 353ms (from cache)
57 silly pacote range manifest for color-convert@^1.9.0 fetched in 386ms
58 silly resolveWithNewModule color-convert@1.9.3 checking installable status
59 http fetch GET 304 https://registry.npmjs.org/color-name 782ms (from cache)
60 silly pacote version manifest for color-name@1.1.3 fetched in 802ms
61 silly resolveWithNewModule color-name@1.1.3 checking installable status
62 http fetch GET 304 https://registry.npmjs.org/has-flag 332ms (from cache)
63 silly pacote range manifest for has-flag@^3.0.0 fetched in 348ms
64 silly resolveWithNewModule has-flag@3.0.0 checking installable status
65 http fetch GET 304 https://registry.npmjs.org/get-stream 900ms (from cache)
66 silly pacote range manifest for get-stream@^5.0.0 fetched in 1086ms
67 silly resolveWithNewModule get-stream@5.2.0 checking installable status
68 http fetch GET 304 https://registry.npmjs.org/merge-stream 1088ms (from cache)
69 http fetch GET 304 https://registry.npmjs.org/is-stream 1119ms (from cache)
70 http fetch GET 304 https://registry.npmjs.org/signal-exit 1133ms (from cache)
71 http fetch GET 304 https://registry.npmjs.org/strip-final-newline 1134ms (from cache)
72 silly pacote range manifest for merge-stream@^2.0.0 fetched in 1206ms
73 silly resolveWithNewModule merge-stream@2.0.0 checking installable status
74 silly pacote range manifest for is-stream@^2.0.0 fetched in 1254ms
75 silly resolveWithNewModule is-stream@2.0.0 checking installable status
76 silly pacote range manifest for signal-exit@^3.0.2 fetched in 1237ms
77 silly resolveWithNewModule signal-exit@3.0.3 checking installable status
78 silly pacote range manifest for strip-final-newline@^2.0.0 fetched in 1249ms
79 silly resolveWithNewModule strip-final-newline@2.0.0 checking installable status
80 http fetch GET 304 https://registry.npmjs.org/cross-spawn 1404ms (from cache)
81 http fetch GET 304 https://registry.npmjs.org/npm-run-path 1434ms (from cache)
82 silly pacote range manifest for cross-spawn@^7.0.0 fetched in 1484ms
83 silly resolveWithNewModule cross-spawn@7.0.3 checking installable status
84 http fetch GET 304 https://registry.npmjs.org/onetime 1438ms (from cache)
85 http fetch GET 304 https://registry.npmjs.org/p-finally 1450ms (from cache)
86 silly pacote range manifest for npm-run-path@^3.0.0 fetched in 1486ms
87 silly resolveWithNewModule npm-run-path@3.1.0 checking installable status
88 silly pacote range manifest for onetime@^5.1.0 fetched in 1490ms
89 silly resolveWithNewModule onetime@5.1.2 checking installable status
90 silly pacote range manifest for p-finally@^2.0.0 fetched in 1505ms
91 silly resolveWithNewModule p-finally@2.0.1 checking installable status
92 http fetch GET 304 https://registry.npmjs.org/path-key 537ms (from cache)
93 silly pacote range manifest for path-key@^3.1.0 fetched in 569ms
94 silly resolveWithNewModule path-key@3.1.1 checking installable status
95 http fetch GET 304 https://registry.npmjs.org/which 570ms (from cache)
96 http fetch GET 304 https://registry.npmjs.org/shebang-command 598ms (from cache)
97 silly pacote range manifest for which@^2.0.1 fetched in 589ms
98 silly resolveWithNewModule which@2.0.2 checking installable status
99 silly pacote range manifest for shebang-command@^2.0.0 fetched in 616ms
100 silly resolveWithNewModule shebang-command@2.0.0 checking installable status
101 http fetch GET 304 https://registry.npmjs.org/shebang-regex 267ms (from cache)
102 silly pacote range manifest for shebang-regex@^3.0.0 fetched in 273ms
103 silly resolveWithNewModule shebang-regex@3.0.0 checking installable status
104 http fetch GET 304 https://registry.npmjs.org/isexe 296ms (from cache)
105 silly pacote range manifest for isexe@^2.0.0 fetched in 301ms
106 silly resolveWithNewModule isexe@2.0.0 checking installable status
107 http fetch GET 304 https://registry.npmjs.org/pump 303ms (from cache)
108 silly pacote range manifest for pump@^3.0.0 fetched in 331ms
109 silly resolveWithNewModule pump@3.0.0 checking installable status
110 http fetch GET 304 https://registry.npmjs.org/end-of-stream 321ms (from cache)
111 silly pacote range manifest for end-of-stream@^1.1.0 fetched in 338ms
112 silly resolveWithNewModule end-of-stream@1.4.4 checking installable status
113 http fetch GET 304 https://registry.npmjs.org/once 721ms (from cache)
114 silly pacote range manifest for once@^1.3.1 fetched in 735ms
115 silly resolveWithNewModule once@1.4.0 checking installable status
116 http fetch GET 304 https://registry.npmjs.org/wrappy 317ms (from cache)
117 silly pacote range manifest for wrappy@1 fetched in 321ms
118 silly resolveWithNewModule wrappy@1.0.2 checking installable status
119 http fetch GET 304 https://registry.npmjs.org/mimic-fn 285ms (from cache)
120 silly pacote range manifest for mimic-fn@^2.1.0 fetched in 316ms
121 silly resolveWithNewModule mimic-fn@2.1.0 checking installable status
122 silly pacote range manifest for chalk@^3.0.0 fetched in 197ms
123 silly resolveWithNewModule chalk@3.0.0 checking installable status
124 http fetch GET 200 https://registry.npmjs.org/mute-stream 201ms (from cache)
125 silly pacote version manifest for mute-stream@0.0.8 fetched in 215ms
126 silly resolveWithNewModule mute-stream@0.0.8 checking installable status
127 http fetch GET 304 https://registry.npmjs.org/cli-cursor 465ms (from cache)
128 silly pacote range manifest for cli-cursor@^3.1.0 fetched in 482ms
129 silly resolveWithNewModule cli-cursor@3.1.0 checking installable status
130 http fetch GET 304 https://registry.npmjs.org/log-symbols 468ms (from cache)
131 silly pacote range manifest for log-symbols@^3.0.0 fetched in 484ms
132 silly resolveWithNewModule log-symbols@3.0.0 checking installable status
133 http fetch GET 304 https://registry.npmjs.org/is-interactive 999ms (from cache)
134 http fetch GET 304 https://registry.npmjs.org/wcwidth 971ms (from cache)
135 http fetch GET 304 https://registry.npmjs.org/strip-ansi 1018ms (from cache)
136 silly pacote range manifest for is-interactive@^1.0.0 fetched in 1082ms
137 silly resolveWithNewModule is-interactive@1.0.0 checking installable status
138 silly pacote range manifest for wcwidth@^1.0.1 fetched in 1067ms
139 silly resolveWithNewModule wcwidth@1.0.1 checking installable status
140 silly pacote range manifest for strip-ansi@^6.0.0 fetched in 1083ms
141 silly resolveWithNewModule strip-ansi@6.0.0 checking installable status
142 http fetch GET 304 https://registry.npmjs.org/cli-spinners 1155ms (from cache)
143 silly pacote range manifest for cli-spinners@^2.2.0 fetched in 1171ms
144 silly resolveWithNewModule cli-spinners@2.5.0 checking installable status
145 silly pacote range manifest for supports-color@^7.1.0 fetched in 34ms
146 silly resolveWithNewModule supports-color@7.2.0 checking installable status
147 silly pacote range manifest for ansi-styles@^4.1.0 fetched in 48ms
148 silly resolveWithNewModule ansi-styles@4.3.0 checking installable status
149 silly pacote range manifest for color-convert@^2.0.1 fetched in 19ms
150 silly resolveWithNewModule color-convert@2.0.1 checking installable status
151 silly pacote range manifest for color-name@~1.1.4 fetched in 18ms
152 silly resolveWithNewModule color-name@1.1.4 checking installable status
153 silly pacote range manifest for has-flag@^4.0.0 fetched in 17ms
154 silly resolveWithNewModule has-flag@4.0.0 checking installable status
155 http fetch GET 304 https://registry.npmjs.org/restore-cursor 284ms (from cache)
156 silly pacote range manifest for restore-cursor@^3.1.0 fetched in 300ms
157 silly resolveWithNewModule restore-cursor@3.1.0 checking installable status
158 http fetch GET 304 https://registry.npmjs.org/ansi-regex 749ms (from cache)
159 silly pacote range manifest for ansi-regex@^5.0.0 fetched in 764ms
160 silly resolveWithNewModule ansi-regex@5.0.0 checking installable status
161 http fetch GET 304 https://registry.npmjs.org/defaults 282ms (from cache)
162 silly pacote range manifest for defaults@^1.0.3 fetched in 301ms
163 silly resolveWithNewModule defaults@1.0.3 checking installable status
164 http fetch GET 304 https://registry.npmjs.org/clone 318ms (from cache)
165 silly pacote range manifest for clone@^1.0.2 fetched in 338ms
166 silly resolveWithNewModule clone@1.0.4 checking installable status
167 http fetch GET 200 https://registry.npmjs.org/@npmcli%2fpromise-spawn 333ms (from cache)
168 http fetch GET 200 https://registry.npmjs.org/chownr 330ms (from cache)
169 http fetch GET 200 https://registry.npmjs.org/mkdirp 320ms (from cache)
170 silly pacote range manifest for @npmcli/promise-spawn@^1.2.0 fetched in 398ms
171 silly resolveWithNewModule @npmcli/promise-spawn@1.3.2 checking installable status
172 silly pacote range manifest for chownr@^2.0.0 fetched in 402ms
173 silly resolveWithNewModule chownr@2.0.0 checking installable status
174 silly pacote range manifest for mkdirp@^1.0.3 fetched in 416ms
175 silly resolveWithNewModule mkdirp@1.0.4 checking installable status
176 http fetch GET 304 https://registry.npmjs.org/infer-owner 900ms (from cache)
177 http fetch GET 304 https://registry.npmjs.org/cacache 936ms (from cache)
178 http fetch GET 304 https://registry.npmjs.org/@npmcli%2frun-script 964ms (from cache)
179 http fetch GET 304 https://registry.npmjs.org/minipass 967ms (from cache)
180 http fetch GET 304 https://registry.npmjs.org/fs-minipass 985ms (from cache)
181 silly pacote range manifest for infer-owner@^1.0.4 fetched in 987ms
182 silly resolveWithNewModule infer-owner@1.0.4 checking installable status
183 silly pacote range manifest for @npmcli/run-script@^1.3.0 fetched in 1066ms
184 silly resolveWithNewModule @npmcli/run-script@1.8.1 checking installable status
185 silly pacote range manifest for cacache@^15.0.5 fetched in 1056ms
186 silly resolveWithNewModule cacache@15.0.5 checking installable status
187 silly pacote range manifest for minipass@^3.1.3 fetched in 1066ms
188 silly resolveWithNewModule minipass@3.1.3 checking installable status
189 silly pacote range manifest for fs-minipass@^2.1.0 fetched in 1096ms
190 silly resolveWithNewModule fs-minipass@2.1.0 checking installable status
191 http fetch GET 304 https://registry.npmjs.org/npm-package-arg 848ms (from cache)
192 http fetch GET 304 https://registry.npmjs.org/npm-pick-manifest 822ms (from cache)
193 http fetch GET 304 https://registry.npmjs.org/npm-packlist 864ms (from cache)
194 http fetch GET 304 https://registry.npmjs.org/@npmcli%2finstalled-package-contents 1307ms (from cache)
195 silly pacote range manifest for npm-package-arg@^8.0.1 fetched in 952ms
196 silly resolveWithNewModule npm-package-arg@8.1.0 checking installable status
197 silly pacote range manifest for npm-pick-manifest@^6.0.0 fetched in 954ms
198 silly resolveWithNewModule npm-pick-manifest@6.1.0 checking installable status
199 silly pacote range manifest for npm-packlist@^2.1.4 fetched in 985ms
200 silly resolveWithNewModule npm-packlist@2.1.4 checking installable status
201 silly pacote range manifest for @npmcli/installed-package-contents@^1.0.5 fetched in 1449ms
202 silly resolveWithNewModule @npmcli/installed-package-contents@1.0.5 checking installable status
203 http fetch GET 304 https://registry.npmjs.org/npm-registry-fetch 768ms (from cache)
204 http fetch GET 304 https://registry.npmjs.org/promise-retry 748ms (from cache)
205 http fetch GET 304 https://registry.npmjs.org/rimraf 716ms (from cache)
206 http fetch GET 304 https://registry.npmjs.org/read-package-json-fast 752ms (from cache)
207 http fetch GET 304 https://registry.npmjs.org/ssri 784ms (from cache)
208 silly pacote range manifest for npm-registry-fetch@^9.0.0 fetched in 886ms
209 silly resolveWithNewModule npm-registry-fetch@9.0.0 checking installable status
210 silly pacote range manifest for promise-retry@^1.1.1 fetched in 850ms
211 silly resolveWithNewModule promise-retry@1.1.1 checking installable status
212 silly pacote range manifest for rimraf@^3.0.2 fetched in 818ms
213 silly resolveWithNewModule rimraf@3.0.2 checking installable status
214 silly pacote range manifest for read-package-json-fast@^1.1.3 fetched in 865ms
215 silly resolveWithNewModule read-package-json-fast@1.2.1 checking installable status
216 silly pacote range manifest for ssri@^8.0.0 fetched in 846ms
217 silly resolveWithNewModule ssri@8.0.0 checking installable status
218 http fetch GET 304 https://registry.npmjs.org/tar 601ms (from cache)
219 silly fetchPackageMetaData error for tar@^6.1.0 Unexpected end of JSON input while parsing near '... || 0.7 || 0.8"}},"0.'
220 http fetch GET 304 https://registry.npmjs.org/@npmcli%2fgit 2905ms (from cache)
221 silly pacote range manifest for @npmcli/git@^2.0.1 fetched in 2936ms
222 silly resolveWithNewModule @npmcli/git@2.0.4 checking installable status
223 timing stage:rollbackFailedOptional Completed in 3ms
224 timing stage:runTopLevelLifecycles Completed in 31253ms
225 verbose stack SyntaxError: Unexpected end of JSON input while parsing near '... || 0.7 || 0.8"}},"0.'
225 verbose stack     at JSON.parse (<anonymous>)
225 verbose stack     at parseJson (/usr/local/lib/node_modules/npm/node_modules/json-parse-better-errors/index.js:7:17)
225 verbose stack     at /usr/local/lib/node_modules/npm/node_modules/node-fetch-npm/src/body.js:96:50
225 verbose stack     at runMicrotasks (<anonymous>)
225 verbose stack     at processTicksAndRejections (internal/process/task_queues.js:97:5)
226 verbose cwd /Users/mac/Desktop/nevi/nevi
227 verbose Darwin 17.7.0
228 verbose argv "/usr/local/bin/node" "/usr/local/bin/npm" "i" "-g" "@formspree/cli"
229 verbose node v12.18.1
230 verbose npm  v6.14.5
231 error Unexpected end of JSON input while parsing near '... || 0.7 || 0.8"}},"0.'
232 verbose exit [ 1, true ]
