0 info it worked if it ends with ok
1 verbose cli [
1 verbose cli   '/usr/local/bin/node',
1 verbose cli   '/usr/local/bin/npm',
1 verbose cli   'install',
1 verbose cli   '@formspree/cli',
1 verbose cli   '-g'
1 verbose cli ]
2 info using npm@6.14.5
3 info using node@v12.18.1
4 verbose npm-session 3fc94b552328788f
5 silly install loadCurrentTree
6 silly install readGlobalPackageData
7 http fetch GET 304 https://registry.npmjs.org/@formspree%2fcli 6276ms (from cache)
8 silly pacote tag manifest for @formspree/cli@latest fetched in 6528ms
9 timing stage:loadCurrentTree Completed in 7033ms
10 silly install loadIdealTree
11 silly install cloneCurrentTreeToIdealTree
12 timing stage:loadIdealTree:cloneCurrentTree Completed in 13ms
13 silly install loadShrinkwrap
14 timing stage:loadIdealTree:loadShrinkwrap Completed in 32ms
15 silly install loadAllDepsIntoIdealTree
16 silly resolveWithNewModule @formspree/cli@0.9.6 checking installable status
17 http fetch GET 304 https://registry.npmjs.org/@formspree%2fdeploy 1481ms (from cache)
18 silly pacote range manifest for @formspree/deploy@^0.3.3 fetched in 1535ms
19 silly resolveWithNewModule @formspree/deploy@0.3.3 checking installable status
20 http fetch GET 304 https://registry.npmjs.org/execa 2269ms (from cache)
21 http fetch GET 304 https://registry.npmjs.org/common-tags 2337ms (from cache)
22 http fetch GET 304 https://registry.npmjs.org/ora 2336ms (from cache)
23 http fetch GET 304 https://registry.npmjs.org/yargs 2335ms (from cache)
24 silly pacote range manifest for execa@^2.1.0 fetched in 2472ms
25 silly resolveWithNewModule execa@2.1.0 checking installable status
26 silly pacote range manifest for common-tags@^1.8.0 fetched in 2543ms
27 silly resolveWithNewModule common-tags@1.8.0 checking installable status
28 silly pacote range manifest for ora@^4.1.1 fetched in 2575ms
29 silly resolveWithNewModule ora@4.1.1 checking installable status
30 silly pacote range manifest for yargs@^15.4.1 fetched in 2569ms
31 silly resolveWithNewModule yargs@15.4.1 checking installable status
32 http fetch GET 304 https://registry.npmjs.org/axios 3157ms (from cache)
33 http fetch GET 304 https://registry.npmjs.org/pacote 3174ms (from cache)
34 http fetch GET 304 https://registry.npmjs.org/chalk 3390ms (from cache)
35 silly pacote range manifest for axios@^0.21.1 fetched in 3425ms
36 silly resolveWithNewModule axios@0.21.1 checking installable status
37 silly pacote range manifest for pacote@^11.1.14 fetched in 3370ms
38 silly resolveWithNewModule pacote@11.2.3 checking installable status
39 silly pacote range manifest for chalk@^2.4.2 fetched in 3492ms
40 silly resolveWithNewModule chalk@2.4.2 checking installable status
41 http fetch GET 304 https://registry.npmjs.org/dotenv 3541ms (from cache)
42 silly pacote range manifest for dotenv@^8.2.0 fetched in 3609ms
43 silly resolveWithNewModule dotenv@8.2.0 checking installable status
44 http fetch GET 304 https://registry.npmjs.org/follow-redirects 470ms (from cache)
45 silly pacote range manifest for follow-redirects@^1.10.0 fetched in 531ms
46 silly resolveWithNewModule follow-redirects@1.13.1 checking installable status
47 http fetch GET 304 https://registry.npmjs.org/supports-color 937ms (from cache)
48 http fetch GET 304 https://registry.npmjs.org/escape-string-regexp 984ms (from cache)
49 http fetch GET 304 https://registry.npmjs.org/ansi-styles 1021ms (from cache)
50 silly pacote range manifest for supports-color@^5.3.0 fetched in 1018ms
51 silly resolveWithNewModule supports-color@5.5.0 checking installable status
52 silly pacote range manifest for escape-string-regexp@^1.0.5 fetched in 1065ms
53 silly resolveWithNewModule escape-string-regexp@1.0.5 checking installable status
54 silly pacote range manifest for ansi-styles@^3.2.1 fetched in 1171ms
55 silly resolveWithNewModule ansi-styles@3.2.1 checking installable status
56 http fetch GET 304 https://registry.npmjs.org/color-convert 799ms (from cache)
57 silly pacote range manifest for color-convert@^1.9.0 fetched in 839ms
58 silly resolveWithNewModule color-convert@1.9.3 checking installable status
59 http fetch GET 304 https://registry.npmjs.org/color-name 482ms (from cache)
60 silly pacote version manifest for color-name@1.1.3 fetched in 503ms
61 silly resolveWithNewModule color-name@1.1.3 checking installable status
62 http fetch GET 304 https://registry.npmjs.org/has-flag 516ms (from cache)
63 silly pacote range manifest for has-flag@^3.0.0 fetched in 601ms
64 silly resolveWithNewModule has-flag@3.0.0 checking installable status
65 http fetch GET 304 https://registry.npmjs.org/is-stream 1870ms (from cache)
66 http fetch GET 304 https://registry.npmjs.org/cross-spawn 1900ms (from cache)
67 http fetch GET 304 https://registry.npmjs.org/npm-run-path 1903ms (from cache)
68 http fetch GET 304 https://registry.npmjs.org/get-stream 1938ms (from cache)
69 http fetch GET 304 https://registry.npmjs.org/signal-exit 2037ms (from cache)
70 silly pacote range manifest for is-stream@^2.0.0 fetched in 2103ms
71 silly resolveWithNewModule is-stream@2.0.0 checking installable status
72 silly pacote range manifest for cross-spawn@^7.0.0 fetched in 2151ms
73 silly resolveWithNewModule cross-spawn@7.0.3 checking installable status
74 silly pacote range manifest for npm-run-path@^3.0.0 fetched in 2136ms
75 silly resolveWithNewModule npm-run-path@3.1.0 checking installable status
76 silly pacote range manifest for get-stream@^5.0.0 fetched in 2187ms
77 silly resolveWithNewModule get-stream@5.2.0 checking installable status
78 http fetch GET 304 https://registry.npmjs.org/p-finally 2173ms (from cache)
79 http fetch GET 304 https://registry.npmjs.org/strip-final-newline 2172ms (from cache)
80 silly pacote range manifest for signal-exit@^3.0.2 fetched in 2234ms
81 silly resolveWithNewModule signal-exit@3.0.3 checking installable status
82 silly pacote range manifest for strip-final-newline@^2.0.0 fetched in 2256ms
83 silly resolveWithNewModule strip-final-newline@2.0.0 checking installable status
84 silly pacote range manifest for p-finally@^2.0.0 fetched in 2289ms
85 silly resolveWithNewModule p-finally@2.0.1 checking installable status
86 http fetch GET 304 https://registry.npmjs.org/merge-stream 2351ms (from cache)
87 silly pacote range manifest for merge-stream@^2.0.0 fetched in 2385ms
88 silly resolveWithNewModule merge-stream@2.0.0 checking installable status
89 http fetch GET 304 https://registry.npmjs.org/onetime 2416ms (from cache)
90 silly pacote range manifest for onetime@^5.1.0 fetched in 2434ms
91 silly resolveWithNewModule onetime@5.1.2 checking installable status
92 http fetch GET 304 https://registry.npmjs.org/shebang-command 635ms (from cache)
93 silly pacote range manifest for shebang-command@^2.0.0 fetched in 686ms
94 silly resolveWithNewModule shebang-command@2.0.0 checking installable status
95 http fetch GET 304 https://registry.npmjs.org/path-key 767ms (from cache)
96 silly pacote range manifest for path-key@^3.1.0 fetched in 783ms
97 silly resolveWithNewModule path-key@3.1.1 checking installable status
98 http fetch GET 304 https://registry.npmjs.org/which 1836ms (from cache)
99 silly pacote range manifest for which@^2.0.1 fetched in 1856ms
100 silly resolveWithNewModule which@2.0.2 checking installable status
101 http fetch GET 304 https://registry.npmjs.org/shebang-regex 436ms (from cache)
102 silly pacote range manifest for shebang-regex@^3.0.0 fetched in 454ms
103 silly resolveWithNewModule shebang-regex@3.0.0 checking installable status
104 http fetch GET 304 https://registry.npmjs.org/isexe 487ms (from cache)
105 silly pacote range manifest for isexe@^2.0.0 fetched in 516ms
106 silly resolveWithNewModule isexe@2.0.0 checking installable status
107 http fetch GET 304 https://registry.npmjs.org/pump 1121ms (from cache)
108 silly pacote range manifest for pump@^3.0.0 fetched in 1201ms
109 silly resolveWithNewModule pump@3.0.0 checking installable status
110 http fetch GET 304 https://registry.npmjs.org/end-of-stream 582ms (from cache)
111 http fetch GET 304 https://registry.npmjs.org/once 583ms (from cache)
112 silly pacote range manifest for end-of-stream@^1.1.0 fetched in 618ms
113 silly resolveWithNewModule end-of-stream@1.4.4 checking installable status
114 silly pacote range manifest for once@^1.3.1 fetched in 617ms
115 silly resolveWithNewModule once@1.4.0 checking installable status
116 http fetch GET 304 https://registry.npmjs.org/wrappy 568ms (from cache)
117 silly pacote range manifest for wrappy@1 fetched in 616ms
118 silly resolveWithNewModule wrappy@1.0.2 checking installable status
119 http fetch GET 200 https://registry.npmjs.org/mimic-fn 64ms (from cache)
120 silly pacote range manifest for mimic-fn@^2.1.0 fetched in 83ms
121 silly resolveWithNewModule mimic-fn@2.1.0 checking installable status
122 silly pacote range manifest for chalk@^3.0.0 fetched in 301ms
123 silly resolveWithNewModule chalk@3.0.0 checking installable status
124 http fetch GET 200 https://registry.npmjs.org/cli-cursor 400ms (from cache)
125 silly pacote range manifest for cli-cursor@^3.1.0 fetched in 415ms
126 silly resolveWithNewModule cli-cursor@3.1.0 checking installable status
127 http fetch GET 304 https://registry.npmjs.org/is-interactive 886ms (from cache)
128 silly pacote range manifest for is-interactive@^1.0.0 fetched in 1001ms
129 silly resolveWithNewModule is-interactive@1.0.0 checking installable status
130 http fetch GET 304 https://registry.npmjs.org/cli-spinners 1153ms (from cache)
131 silly pacote range manifest for cli-spinners@^2.2.0 fetched in 1204ms
132 silly resolveWithNewModule cli-spinners@2.5.0 checking installable status
133 http fetch GET 304 https://registry.npmjs.org/strip-ansi 1182ms (from cache)
134 http fetch GET 304 https://registry.npmjs.org/log-symbols 1202ms (from cache)
135 http fetch GET 304 https://registry.npmjs.org/wcwidth 1189ms (from cache)
136 http fetch GET 304 https://registry.npmjs.org/mute-stream 1253ms (from cache)
137 silly pacote range manifest for strip-ansi@^6.0.0 fetched in 1252ms
138 silly resolveWithNewModule strip-ansi@6.0.0 checking installable status
139 silly pacote range manifest for log-symbols@^3.0.0 fetched in 1299ms
140 silly resolveWithNewModule log-symbols@3.0.0 checking installable status
141 silly pacote range manifest for wcwidth@^1.0.1 fetched in 1270ms
142 silly resolveWithNewModule wcwidth@1.0.1 checking installable status
143 silly pacote version manifest for mute-stream@0.0.8 fetched in 1317ms
144 silly resolveWithNewModule mute-stream@0.0.8 checking installable status
145 silly pacote range manifest for ansi-styles@^4.1.0 fetched in 35ms
146 silly resolveWithNewModule ansi-styles@4.3.0 checking installable status
147 silly pacote range manifest for supports-color@^7.1.0 fetched in 49ms
148 silly resolveWithNewModule supports-color@7.2.0 checking installable status
149 silly pacote range manifest for color-convert@^2.0.1 fetched in 49ms
150 silly resolveWithNewModule color-convert@2.0.1 checking installable status
151 silly pacote range manifest for color-name@~1.1.4 fetched in 31ms
152 silly resolveWithNewModule color-name@1.1.4 checking installable status
153 silly pacote range manifest for has-flag@^4.0.0 fetched in 52ms
154 silly resolveWithNewModule has-flag@4.0.0 checking installable status
155 http fetch GET 304 https://registry.npmjs.org/restore-cursor 1099ms (from cache)
156 silly pacote range manifest for restore-cursor@^3.1.0 fetched in 1115ms
157 silly resolveWithNewModule restore-cursor@3.1.0 checking installable status
158 http fetch GET 304 https://registry.npmjs.org/ansi-regex 1270ms (from cache)
159 silly pacote range manifest for ansi-regex@^5.0.0 fetched in 1286ms
160 silly resolveWithNewModule ansi-regex@5.0.0 checking installable status
161 http fetch GET 304 https://registry.npmjs.org/defaults 936ms (from cache)
162 silly pacote range manifest for defaults@^1.0.3 fetched in 954ms
163 silly resolveWithNewModule defaults@1.0.3 checking installable status
164 http fetch GET 304 https://registry.npmjs.org/clone 399ms (from cache)
165 silly pacote range manifest for clone@^1.0.2 fetched in 418ms
166 silly resolveWithNewModule clone@1.0.4 checking installable status
167 http fetch GET 200 https://registry.npmjs.org/@npmcli%2fpromise-spawn 481ms (from cache)
168 http fetch GET 200 https://registry.npmjs.org/mkdirp 437ms (from cache)
169 silly pacote range manifest for @npmcli/promise-spawn@^1.2.0 fetched in 515ms
170 silly resolveWithNewModule @npmcli/promise-spawn@1.3.2 checking installable status
171 silly pacote range manifest for mkdirp@^1.0.3 fetched in 485ms
172 silly resolveWithNewModule mkdirp@1.0.4 checking installable status
173 http fetch GET 304 https://registry.npmjs.org/fs-minipass 1267ms (from cache)
174 http fetch GET 304 https://registry.npmjs.org/minipass 1270ms (from cache)
175 http fetch GET 304 https://registry.npmjs.org/infer-owner 1317ms (from cache)
176 http fetch GET 304 https://registry.npmjs.org/chownr 1322ms (from cache)
177 http fetch GET 304 https://registry.npmjs.org/@npmcli%2finstalled-package-contents 1401ms (from cache)
178 http fetch GET 304 https://registry.npmjs.org/@npmcli%2frun-script 1388ms (from cache)
179 silly pacote range manifest for fs-minipass@^2.1.0 fetched in 1373ms
180 silly resolveWithNewModule fs-minipass@2.1.0 checking installable status
181 silly pacote range manifest for minipass@^3.1.3 fetched in 1384ms
182 silly resolveWithNewModule minipass@3.1.3 checking installable status
183 silly pacote range manifest for chownr@^2.0.0 fetched in 1501ms
184 silly resolveWithNewModule chownr@2.0.0 checking installable status
185 silly pacote range manifest for infer-owner@^1.0.4 fetched in 1500ms
186 silly resolveWithNewModule infer-owner@1.0.4 checking installable status
187 silly pacote range manifest for @npmcli/run-script@^1.3.0 fetched in 1619ms
188 silly resolveWithNewModule @npmcli/run-script@1.8.1 checking installable status
189 silly pacote range manifest for @npmcli/installed-package-contents@^1.0.5 fetched in 1639ms
190 silly resolveWithNewModule @npmcli/installed-package-contents@1.0.5 checking installable status
191 http fetch GET 304 https://registry.npmjs.org/cacache 2302ms (from cache)
192 silly pacote range manifest for cacache@^15.0.5 fetched in 2385ms
193 silly resolveWithNewModule cacache@15.0.5 checking installable status
194 http fetch GET 304 https://registry.npmjs.org/npm-package-arg 1938ms (from cache)
195 http fetch GET 304 https://registry.npmjs.org/@npmcli%2fgit 2533ms (from cache)
196 http fetch GET 304 https://registry.npmjs.org/npm-packlist 1987ms (from cache)
197 silly pacote range manifest for npm-package-arg@^8.0.1 fetched in 2072ms
198 silly resolveWithNewModule npm-package-arg@8.1.0 checking installable status
199 silly pacote range manifest for @npmcli/git@^2.0.1 fetched in 2650ms
200 silly resolveWithNewModule @npmcli/git@2.0.4 checking installable status
201 silly pacote range manifest for npm-packlist@^2.1.4 fetched in 2117ms
202 silly resolveWithNewModule npm-packlist@2.1.4 checking installable status
203 http fetch GET 304 https://registry.npmjs.org/npm-pick-manifest 1255ms (from cache)
204 silly pacote range manifest for npm-pick-manifest@^6.0.0 fetched in 1369ms
205 silly resolveWithNewModule npm-pick-manifest@6.1.0 checking installable status
206 http fetch GET 304 https://registry.npmjs.org/rimraf 1183ms (from cache)
207 http fetch GET 304 https://registry.npmjs.org/promise-retry 1335ms (from cache)
208 http fetch GET 304 https://registry.npmjs.org/ssri 1204ms (from cache)
209 silly pacote range manifest for rimraf@^3.0.2 fetched in 1268ms
210 silly resolveWithNewModule rimraf@3.0.2 checking installable status
211 silly pacote range manifest for ssri@^8.0.0 fetched in 1281ms
212 silly resolveWithNewModule ssri@8.0.0 checking installable status
213 silly pacote range manifest for promise-retry@^1.1.1 fetched in 1407ms
214 silly resolveWithNewModule promise-retry@1.1.1 checking installable status
215 http fetch GET 304 https://registry.npmjs.org/npm-registry-fetch 1536ms (from cache)
216 silly pacote range manifest for npm-registry-fetch@^9.0.0 fetched in 1556ms
217 silly resolveWithNewModule npm-registry-fetch@9.0.0 checking installable status
218 http fetch GET 304 https://registry.npmjs.org/read-package-json-fast 1667ms (from cache)
219 silly pacote range manifest for read-package-json-fast@^1.1.3 fetched in 1688ms
220 silly resolveWithNewModule read-package-json-fast@1.2.1 checking installable status
221 http fetch GET 304 https://registry.npmjs.org/tar 1437ms (from cache)
222 silly fetchPackageMetaData error for tar@^6.1.0 Unexpected end of JSON input while parsing near '... || 0.7 || 0.8"}},"0.'
223 timing stage:rollbackFailedOptional Completed in 3ms
224 timing stage:runTopLevelLifecycles Completed in 32959ms
225 verbose stack SyntaxError: Unexpected end of JSON input while parsing near '... || 0.7 || 0.8"}},"0.'
225 verbose stack     at JSON.parse (<anonymous>)
225 verbose stack     at parseJson (/usr/local/lib/node_modules/npm/node_modules/json-parse-better-errors/index.js:7:17)
225 verbose stack     at /usr/local/lib/node_modules/npm/node_modules/node-fetch-npm/src/body.js:96:50
225 verbose stack     at runMicrotasks (<anonymous>)
225 verbose stack     at processTicksAndRejections (internal/process/task_queues.js:97:5)
226 verbose cwd /Users/mac/Desktop/nevi/nevi
227 verbose Darwin 17.7.0
228 verbose argv "/usr/local/bin/node" "/usr/local/bin/npm" "install" "@formspree/cli" "-g"
229 verbose node v12.18.1
230 verbose npm  v6.14.5
231 error Unexpected end of JSON input while parsing near '... || 0.7 || 0.8"}},"0.'
232 verbose exit [ 1, true ]
