0 info it worked if it ends with ok
1 verbose cli [
1 verbose cli   '/usr/local/bin/node',
1 verbose cli   '/usr/local/bin/npm',
1 verbose cli   'i',
1 verbose cli   '-g',
1 verbose cli   '@formspree/cli'
1 verbose cli ]
2 info using npm@6.14.5
3 info using node@v12.18.1
4 verbose npm-session f798aef4c05dbe3d
5 silly install loadCurrentTree
6 silly install readGlobalPackageData
7 http fetch GET 304 https://registry.npmjs.org/@formspree%2fcli 12456ms (from cache)
8 silly pacote tag manifest for @formspree/cli@latest fetched in 13371ms
9 timing stage:loadCurrentTree Completed in 14625ms
10 silly install loadIdealTree
11 silly install cloneCurrentTreeToIdealTree
12 timing stage:loadIdealTree:cloneCurrentTree Completed in 2ms
13 silly install loadShrinkwrap
14 timing stage:loadIdealTree:loadShrinkwrap Completed in 266ms
15 silly install loadAllDepsIntoIdealTree
16 silly resolveWithNewModule @formspree/cli@0.9.6 checking installable status
17 http fetch GET 304 https://registry.npmjs.org/@formspree%2fdeploy 6428ms (from cache)
18 silly pacote range manifest for @formspree/deploy@^0.3.3 fetched in 7528ms
19 silly resolveWithNewModule @formspree/deploy@0.3.3 checking installable status
20 http fetch GET 304 https://registry.npmjs.org/yargs 7348ms (from cache)
21 http fetch GET 200 https://registry.npmjs.org/execa 8265ms
22 silly pacote range manifest for yargs@^15.4.1 fetched in 7911ms
23 silly resolveWithNewModule yargs@15.4.1 checking installable status
24 silly pacote range manifest for execa@^2.1.0 fetched in 8678ms
25 silly resolveWithNewModule execa@2.1.0 checking installable status
26 http fetch GET 304 https://registry.npmjs.org/common-tags 9201ms (from cache)
27 http fetch GET 304 https://registry.npmjs.org/dotenv 9118ms (from cache)
28 http fetch GET 304 https://registry.npmjs.org/axios 9783ms (from cache)
29 silly pacote range manifest for common-tags@^1.8.0 fetched in 9714ms
30 silly resolveWithNewModule common-tags@1.8.0 checking installable status
31 silly pacote range manifest for dotenv@^8.2.0 fetched in 9700ms
32 silly resolveWithNewModule dotenv@8.2.0 checking installable status
33 silly pacote range manifest for axios@^0.21.1 fetched in 10117ms
34 silly resolveWithNewModule axios@0.21.1 checking installable status
35 http fetch GET 200 https://registry.npmjs.org/pacote 9500ms
36 http fetch GET 304 https://registry.npmjs.org/ora 10016ms (from cache)
37 silly pacote range manifest for ora@^4.1.1 fetched in 10048ms
38 silly resolveWithNewModule ora@4.1.1 checking installable status
39 http fetch GET 200 https://registry.npmjs.org/pacote/-/pacote-11.2.3.tgz 1200ms
40 http fetch GET 200 https://registry.npmjs.org/chalk 11574ms
41 silly pacote range manifest for chalk@^2.4.2 fetched in 11647ms
42 silly resolveWithNewModule chalk@2.4.2 checking installable status
43 silly pacote range manifest for pacote@^11.1.14 fetched in 11637ms
44 silly resolveWithNewModule pacote@11.2.3 checking installable status
45 http fetch GET 304 https://registry.npmjs.org/follow-redirects 720ms (from cache)
46 silly pacote range manifest for follow-redirects@^1.10.0 fetched in 773ms
47 silly resolveWithNewModule follow-redirects@1.13.1 checking installable status
48 http fetch GET 304 https://registry.npmjs.org/escape-string-regexp 1134ms (from cache)
49 http fetch GET 200 https://registry.npmjs.org/ansi-styles 1151ms
50 silly pacote range manifest for escape-string-regexp@^1.0.5 fetched in 1265ms
51 silly resolveWithNewModule escape-string-regexp@1.0.5 checking installable status
52 silly pacote range manifest for ansi-styles@^3.2.1 fetched in 1288ms
53 silly resolveWithNewModule ansi-styles@3.2.1 checking installable status
54 http fetch GET 200 https://registry.npmjs.org/supports-color 1653ms
55 silly pacote range manifest for supports-color@^5.3.0 fetched in 2839ms
56 silly resolveWithNewModule supports-color@5.5.0 checking installable status
57 http fetch GET 304 https://registry.npmjs.org/color-convert 4653ms (from cache)
58 silly pacote range manifest for color-convert@^1.9.0 fetched in 4674ms
59 silly resolveWithNewModule color-convert@1.9.3 checking installable status
60 http fetch GET 304 https://registry.npmjs.org/color-name 3086ms (from cache)
61 silly pacote version manifest for color-name@1.1.3 fetched in 3135ms
62 silly resolveWithNewModule color-name@1.1.3 checking installable status
63 http fetch GET 304 https://registry.npmjs.org/has-flag 718ms (from cache)
64 silly pacote range manifest for has-flag@^3.0.0 fetched in 736ms
65 silly resolveWithNewModule has-flag@3.0.0 checking installable status
66 http fetch GET 304 https://registry.npmjs.org/merge-stream 4522ms (from cache)
67 http fetch GET 304 https://registry.npmjs.org/is-stream 4540ms (from cache)
68 http fetch GET 304 https://registry.npmjs.org/cross-spawn 4676ms (from cache)
69 http fetch GET 304 https://registry.npmjs.org/p-finally 5344ms (from cache)
70 http fetch GET 304 https://registry.npmjs.org/strip-final-newline 5326ms (from cache)
71 http fetch GET 304 https://registry.npmjs.org/signal-exit 5344ms (from cache)
72 silly pacote range manifest for merge-stream@^2.0.0 fetched in 5811ms
73 silly resolveWithNewModule merge-stream@2.0.0 checking installable status
74 silly pacote range manifest for is-stream@^2.0.0 fetched in 5974ms
75 silly resolveWithNewModule is-stream@2.0.0 checking installable status
76 silly pacote range manifest for cross-spawn@^7.0.0 fetched in 6045ms
77 silly resolveWithNewModule cross-spawn@7.0.3 checking installable status
78 silly pacote range manifest for p-finally@^2.0.0 fetched in 6042ms
79 silly resolveWithNewModule p-finally@2.0.1 checking installable status
80 silly pacote range manifest for strip-final-newline@^2.0.0 fetched in 6044ms
81 silly resolveWithNewModule strip-final-newline@2.0.0 checking installable status
82 silly pacote range manifest for signal-exit@^3.0.2 fetched in 6074ms
83 silly resolveWithNewModule signal-exit@3.0.3 checking installable status
84 http fetch GET 304 https://registry.npmjs.org/get-stream 6642ms (from cache)
85 http fetch GET 304 https://registry.npmjs.org/onetime 6510ms (from cache)
86 silly pacote range manifest for get-stream@^5.0.0 fetched in 6693ms
87 silly resolveWithNewModule get-stream@5.2.0 checking installable status
88 silly pacote range manifest for onetime@^5.1.0 fetched in 6548ms
89 silly resolveWithNewModule onetime@5.1.2 checking installable status
90 http fetch GET 304 https://registry.npmjs.org/npm-run-path 6691ms (from cache)
91 silly pacote range manifest for npm-run-path@^3.0.0 fetched in 6725ms
92 silly resolveWithNewModule npm-run-path@3.1.0 checking installable status
93 http fetch GET 304 https://registry.npmjs.org/path-key 2655ms (from cache)
94 http fetch GET 304 https://registry.npmjs.org/shebang-command 4252ms (from cache)
95 silly pacote range manifest for path-key@^3.1.0 fetched in 4325ms
96 silly resolveWithNewModule path-key@3.1.1 checking installable status
97 silly pacote range manifest for shebang-command@^2.0.0 fetched in 4344ms
98 silly resolveWithNewModule shebang-command@2.0.0 checking installable status
99 http fetch GET 304 https://registry.npmjs.org/which 4423ms (from cache)
100 silly pacote range manifest for which@^2.0.1 fetched in 4441ms
101 silly resolveWithNewModule which@2.0.2 checking installable status
102 http fetch GET 304 https://registry.npmjs.org/shebang-regex 1135ms (from cache)
103 silly pacote range manifest for shebang-regex@^3.0.0 fetched in 1352ms
104 silly resolveWithNewModule shebang-regex@3.0.0 checking installable status
105 http fetch GET 304 https://registry.npmjs.org/isexe 586ms (from cache)
106 silly pacote range manifest for isexe@^2.0.0 fetched in 631ms
107 silly resolveWithNewModule isexe@2.0.0 checking installable status
108 http fetch GET 304 https://registry.npmjs.org/pump 2757ms (from cache)
109 silly pacote range manifest for pump@^3.0.0 fetched in 2774ms
110 silly resolveWithNewModule pump@3.0.0 checking installable status
111 http fetch GET 304 https://registry.npmjs.org/once 940ms (from cache)
112 silly pacote range manifest for once@^1.3.1 fetched in 983ms
113 silly resolveWithNewModule once@1.4.0 checking installable status
114 http fetch GET 304 https://registry.npmjs.org/end-of-stream 1051ms (from cache)
115 silly pacote range manifest for end-of-stream@^1.1.0 fetched in 1217ms
116 silly resolveWithNewModule end-of-stream@1.4.4 checking installable status
117 http fetch GET 304 https://registry.npmjs.org/wrappy 716ms (from cache)
118 silly pacote range manifest for wrappy@1 fetched in 854ms
119 silly resolveWithNewModule wrappy@1.0.2 checking installable status
120 http fetch GET 304 https://registry.npmjs.org/mimic-fn 1436ms (from cache)
121 silly pacote range manifest for mimic-fn@^2.1.0 fetched in 1454ms
122 silly resolveWithNewModule mimic-fn@2.1.0 checking installable status
123 silly pacote range manifest for chalk@^3.0.0 fetched in 653ms
124 silly resolveWithNewModule chalk@3.0.0 checking installable status
125 http fetch GET 304 https://registry.npmjs.org/is-interactive 1515ms (from cache)
126 http fetch GET 304 https://registry.npmjs.org/mute-stream 1418ms (from cache)
127 silly pacote range manifest for is-interactive@^1.0.0 fetched in 1818ms
128 silly resolveWithNewModule is-interactive@1.0.0 checking installable status
129 silly pacote version manifest for mute-stream@0.0.8 fetched in 1919ms
130 silly resolveWithNewModule mute-stream@0.0.8 checking installable status
131 http fetch GET 304 https://registry.npmjs.org/strip-ansi 2085ms (from cache)
132 http fetch GET 304 https://registry.npmjs.org/wcwidth 2193ms (from cache)
133 silly pacote range manifest for wcwidth@^1.0.1 fetched in 2222ms
134 silly resolveWithNewModule wcwidth@1.0.1 checking installable status
135 silly pacote range manifest for strip-ansi@^6.0.0 fetched in 2238ms
136 silly resolveWithNewModule strip-ansi@6.0.0 checking installable status
137 http fetch GET 304 https://registry.npmjs.org/log-symbols 4210ms (from cache)
138 http fetch GET 304 https://registry.npmjs.org/cli-cursor 4339ms (from cache)
139 silly pacote range manifest for log-symbols@^3.0.0 fetched in 4255ms
140 silly resolveWithNewModule log-symbols@3.0.0 checking installable status
141 silly pacote range manifest for cli-cursor@^3.1.0 fetched in 4370ms
142 silly resolveWithNewModule cli-cursor@3.1.0 checking installable status
143 http fetch GET 304 https://registry.npmjs.org/cli-spinners 6647ms (from cache)
144 silly pacote range manifest for cli-spinners@^2.2.0 fetched in 6879ms
145 silly resolveWithNewModule cli-spinners@2.5.0 checking installable status
146 silly pacote range manifest for ansi-styles@^4.1.0 fetched in 133ms
147 silly resolveWithNewModule ansi-styles@4.3.0 checking installable status
148 silly pacote range manifest for supports-color@^7.1.0 fetched in 147ms
149 silly resolveWithNewModule supports-color@7.2.0 checking installable status
150 silly pacote range manifest for color-convert@^2.0.1 fetched in 66ms
151 silly resolveWithNewModule color-convert@2.0.1 checking installable status
152 silly pacote range manifest for color-name@~1.1.4 fetched in 33ms
153 silly resolveWithNewModule color-name@1.1.4 checking installable status
154 silly pacote range manifest for has-flag@^4.0.0 fetched in 65ms
155 silly resolveWithNewModule has-flag@4.0.0 checking installable status
156 http fetch GET 304 https://registry.npmjs.org/restore-cursor 831ms (from cache)
157 silly pacote range manifest for restore-cursor@^3.1.0 fetched in 848ms
158 silly resolveWithNewModule restore-cursor@3.1.0 checking installable status
159 http fetch GET 304 https://registry.npmjs.org/ansi-regex 796ms (from cache)
160 silly pacote range manifest for ansi-regex@^5.0.0 fetched in 818ms
161 silly resolveWithNewModule ansi-regex@5.0.0 checking installable status
162 http fetch GET 304 https://registry.npmjs.org/defaults 554ms (from cache)
163 silly pacote range manifest for defaults@^1.0.3 fetched in 816ms
164 silly resolveWithNewModule defaults@1.0.3 checking installable status
165 http fetch GET 304 https://registry.npmjs.org/clone 1270ms (from cache)
166 silly pacote range manifest for clone@^1.0.2 fetched in 1314ms
167 silly resolveWithNewModule clone@1.0.4 checking installable status
168 http fetch GET 304 https://registry.npmjs.org/@npmcli%2finstalled-package-contents 3375ms (from cache)
169 http fetch GET 304 https://registry.npmjs.org/chownr 3571ms (from cache)
170 silly pacote range manifest for @npmcli/installed-package-contents@^1.0.5 fetched in 3609ms
171 silly resolveWithNewModule @npmcli/installed-package-contents@1.0.5 checking installable status
172 http fetch GET 304 https://registry.npmjs.org/@npmcli%2frun-script 3706ms (from cache)
173 http fetch GET 304 https://registry.npmjs.org/infer-owner 3558ms (from cache)
174 http fetch GET 304 https://registry.npmjs.org/fs-minipass 3688ms (from cache)
175 http fetch GET 304 https://registry.npmjs.org/cacache 3811ms (from cache)
176 silly pacote range manifest for chownr@^2.0.0 fetched in 3875ms
177 silly resolveWithNewModule chownr@2.0.0 checking installable status
178 http fetch GET 304 https://registry.npmjs.org/@npmcli%2fpromise-spawn 4104ms (from cache)
179 silly pacote range manifest for infer-owner@^1.0.4 fetched in 3940ms
180 silly resolveWithNewModule infer-owner@1.0.4 checking installable status
181 silly pacote range manifest for @npmcli/run-script@^1.3.0 fetched in 4169ms
182 silly resolveWithNewModule @npmcli/run-script@1.8.1 checking installable status
183 silly pacote range manifest for fs-minipass@^2.1.0 fetched in 4153ms
184 silly resolveWithNewModule fs-minipass@2.1.0 checking installable status
185 http fetch GET 304 https://registry.npmjs.org/@npmcli%2fgit 4209ms (from cache)
186 silly pacote range manifest for cacache@^15.0.5 fetched in 4420ms
187 silly resolveWithNewModule cacache@15.0.5 checking installable status
188 silly pacote range manifest for @npmcli/promise-spawn@^1.2.0 fetched in 4573ms
189 silly resolveWithNewModule @npmcli/promise-spawn@1.3.2 checking installable status
190 http fetch GET 304 https://registry.npmjs.org/mkdirp 4620ms (from cache)
191 silly pacote range manifest for @npmcli/git@^2.0.1 fetched in 5211ms
192 silly resolveWithNewModule @npmcli/git@2.0.4 checking installable status
193 http fetch GET 304 https://registry.npmjs.org/minipass 5305ms (from cache)
194 silly pacote range manifest for mkdirp@^1.0.3 fetched in 5642ms
195 silly resolveWithNewModule mkdirp@1.0.4 checking installable status
196 silly pacote range manifest for minipass@^3.1.3 fetched in 6008ms
197 silly resolveWithNewModule minipass@3.1.3 checking installable status
198 http fetch GET 304 https://registry.npmjs.org/npm-package-arg 4757ms (from cache)
199 http fetch GET 304 https://registry.npmjs.org/npm-pick-manifest 4319ms (from cache)
200 silly pacote range manifest for npm-package-arg@^8.0.1 fetched in 4825ms
201 silly resolveWithNewModule npm-package-arg@8.1.0 checking installable status
202 http fetch GET 304 https://registry.npmjs.org/npm-packlist 4578ms (from cache)
203 http fetch GET 304 https://registry.npmjs.org/promise-retry 4224ms (from cache)
204 http fetch GET 304 https://registry.npmjs.org/read-package-json-fast 4306ms (from cache)
205 http fetch GET 304 https://registry.npmjs.org/npm-registry-fetch 4323ms (from cache)
206 silly pacote range manifest for npm-pick-manifest@^6.0.0 fetched in 4721ms
207 silly resolveWithNewModule npm-pick-manifest@6.1.0 checking installable status
208 http fetch GET 304 https://registry.npmjs.org/rimraf 4011ms (from cache)
209 silly pacote range manifest for npm-packlist@^2.1.4 fetched in 4823ms
210 silly resolveWithNewModule npm-packlist@2.1.4 checking installable status
211 silly pacote range manifest for promise-retry@^1.1.1 fetched in 4575ms
212 silly resolveWithNewModule promise-retry@1.1.1 checking installable status
213 silly pacote range manifest for read-package-json-fast@^1.1.3 fetched in 4593ms
214 silly resolveWithNewModule read-package-json-fast@1.2.1 checking installable status
215 silly pacote range manifest for npm-registry-fetch@^9.0.0 fetched in 4640ms
216 silly resolveWithNewModule npm-registry-fetch@9.0.0 checking installable status
217 http fetch GET 304 https://registry.npmjs.org/ssri 4176ms (from cache)
218 http fetch GET 304 https://registry.npmjs.org/tar 3453ms (from cache)
219 silly fetchPackageMetaData error for tar@^6.1.0 Unexpected end of JSON input while parsing near '... || 0.7 || 0.8"}},"0.'
220 silly pacote range manifest for rimraf@^3.0.2 fetched in 4721ms
221 silly resolveWithNewModule rimraf@3.0.2 checking installable status
222 silly pacote range manifest for ssri@^8.0.0 fetched in 4426ms
223 silly resolveWithNewModule ssri@8.0.0 checking installable status
224 timing stage:rollbackFailedOptional Completed in 37ms
225 timing stage:runTopLevelLifecycles Completed in 83457ms
226 verbose stack SyntaxError: Unexpected end of JSON input while parsing near '... || 0.7 || 0.8"}},"0.'
226 verbose stack     at JSON.parse (<anonymous>)
226 verbose stack     at parseJson (/usr/local/lib/node_modules/npm/node_modules/json-parse-better-errors/index.js:7:17)
226 verbose stack     at /usr/local/lib/node_modules/npm/node_modules/node-fetch-npm/src/body.js:96:50
226 verbose stack     at runMicrotasks (<anonymous>)
226 verbose stack     at processTicksAndRejections (internal/process/task_queues.js:97:5)
227 verbose cwd /Users/mac/Desktop/nevi/nevi
228 verbose Darwin 17.7.0
229 verbose argv "/usr/local/bin/node" "/usr/local/bin/npm" "i" "-g" "@formspree/cli"
230 verbose node v12.18.1
231 verbose npm  v6.14.5
232 error Unexpected end of JSON input while parsing near '... || 0.7 || 0.8"}},"0.'
233 verbose exit [ 1, true ]
